This is pdfTeX, Version 3.141592653-2.6-1.40.22 (TeX Live 2022/dev/Debian) (preloaded format=pdflatex 2025.9.4)  21 SEP 2025 23:38
entering extended mode
 restricted \write18 enabled.
 file:line:error style messages enabled.
 %&-line parsing enabled.
**"/home/emmanuel/Desktop/VAP Teaching Docs/Math_Teaching_Docs/Elementary_Differential_Equations_Notes_and_Exercises/ODE_notes.tex"
(/home/emmanuel/Desktop/VAP Teaching Docs/Math_Teaching_Docs/Elementary_Differential_Equations_Notes_and_Exercises/ODE_notes.tex
LaTeX2e <2021-11-15> patch level 1
L3 programming layer <2022-01-21> (/usr/share/texlive/texmf-dist/tex/latex/tufte-latex/tufte-book.cls
Document Class: tufte-book 2015/06/21 v3.5.2 Tufte-book class
(/usr/share/texlive/texmf-dist/tex/latex/tufte-latex/tufte-common.def
File: tufte-common.def 2015/06/21 v3.5.2 Common code for the Tufte-LaTeX styles
 (/usr/share/texlive/texmf-dist/tex/latex/xkeyval/xkeyval.sty
Package: xkeyval 2020/11/20 v2.8 package option processing (HA)
 (/usr/share/texlive/texmf-dist/tex/generic/xkeyval/xkeyval.tex (/usr/share/texlive/texmf-dist/tex/generic/xkeyval/xkvutils.tex
\XKV@toks=\toks16
\XKV@tempa@toks=\toks17
 (/usr/share/texlive/texmf-dist/tex/generic/xkeyval/keyval.tex))
\XKV@depth=\count185
File: xkeyval.tex 2014/12/03 v2.7a key=value parser (HA)
)) (/usr/share/texlive/texmf-dist/tex/latex/xifthen/xifthen.sty
Package: xifthen 2015/11/05 v1.4.0 Extended ifthen features
 (/usr/share/texlive/texmf-dist/tex/latex/tools/calc.sty
Package: calc 2017/05/25 v4.3 Infix arithmetic (KKT,FJ)
\calc@Acount=\count186
\calc@Bcount=\count187
\calc@Adimen=\dimen138
\calc@Bdimen=\dimen139
\calc@Askip=\skip47
\calc@Bskip=\skip48
LaTeX Info: Redefining \setlength on input line 80.
LaTeX Info: Redefining \addtolength on input line 81.
\calc@Ccount=\count188
\calc@Cskip=\skip49
) (/usr/share/texlive/texmf-dist/tex/latex/base/ifthen.sty
Package: ifthen 2020/11/24 v1.1c Standard LaTeX ifthen package (DPC)
) (/usr/share/texlive/texmf-dist/tex/latex/ifmtarg/ifmtarg.sty
Package: ifmtarg 2018/04/16 v1.2b check for an empty argument
)) (/usr/share/texlive/texmf-dist/tex/latex/hardwrap/hardwrap.sty
Package: hardwrap 2011/02/12 v0.2 Hard wrap messages
 (/usr/share/texlive/texmf-dist/tex/latex/ifplatform/ifplatform.sty
Package: ifplatform 2017/10/13 v0.4a Testing for the operating system
 (/usr/share/texlive/texmf-dist/tex/latex/tools/shellesc.sty
Package: shellesc 2019/11/08 v1.0c unified shell escape interface for LaTeX
Package shellesc Info: Restricted shell escape enabled on input line 77.
) (/usr/share/texlive/texmf-dist/tex/generic/pdftexcmds/pdftexcmds.sty
Package: pdftexcmds 2020-06-27 v0.33 Utility functions of pdfTeX for LuaTeX (HO)
 (/usr/share/texlive/texmf-dist/tex/generic/infwarerr/infwarerr.sty
Package: infwarerr 2019/12/03 v1.5 Providing info/warning/error messages (HO)
) (/usr/share/texlive/texmf-dist/tex/generic/iftex/iftex.sty
Package: iftex 2020/03/06 v1.0d TeX engine tests
) (/usr/share/texlive/texmf-dist/tex/generic/ltxcmds/ltxcmds.sty
Package: ltxcmds 2020-05-10 v1.25 LaTeX kernel commands for general use (HO)
)
Package pdftexcmds Info: \pdf@primitive is available.
Package pdftexcmds Info: \pdf@ifprimitive is available.
Package pdftexcmds Info: \pdfdraftmode found.
) (/usr/share/texlive/texmf-dist/tex/generic/catchfile/catchfile.sty
Package: catchfile 2019/12/09 v1.8 Catch the contents of a file (HO)
 (/usr/share/texlive/texmf-dist/tex/generic/etexcmds/etexcmds.sty
Package: etexcmds 2019/12/15 v1.7 Avoid name clashes with e-TeX commands (HO)
)) (/usr/share/texlive/texmf-dist/tex/generic/iftex/ifluatex.sty
Package: ifluatex 2019/10/25 v1.5 ifluatex legacy package. Use iftex instead.
)

Package ifplatform Warning: 
    shell escape is disabled, so I can only detect \ifwindows.

) (/usr/share/texlive/texmf-dist/tex/generic/iftex/ifxetex.sty
Package: ifxetex 2019/10/25 v0.7 ifxetex legacy package. Use iftex instead.
)
\hw@charcount=\count189
\hw@wordcount=\count190
\hw@maxprintline=\count191
 (|kpsewhich -var-value=max_print_line))
Class tufte-book Info: Passing the `twoside' option to the `book' class
Class tufte-book Info: Passing margins=True to the `book' class.
Class tufte-book Info: Loading the base class `book'
 (/usr/share/texlive/texmf-dist/tex/latex/base/book.cls
Document Class: book 2021/10/04 v1.4n Standard LaTeX document class
(/usr/share/texlive/texmf-dist/tex/latex/base/bk10.clo
File: bk10.clo 2021/10/04 v1.4n Standard LaTeX file (size option)
)
\c@part=\count192
\c@chapter=\count193
\c@section=\count194
\c@subsection=\count195
\c@subsubsection=\count196
\c@paragraph=\count197
\c@subparagraph=\count198
\c@figure=\count199
\c@table=\count266
\abovecaptionskip=\skip50
\belowcaptionskip=\skip51
\bibindent=\dimen140
) (/usr/share/texlive/texmf-dist/tex/generic/iftex/ifpdf.sty
Package: ifpdf 2019/10/25 v3.4 ifpdf legacy package. Use iftex instead.
) (/usr/share/texlive/texmf-dist/tex/latex/titlesec/titlesec.sty
Package: titlesec 2021/07/05 v2.14 Sectioning titles
\ttl@box=\box50
\beforetitleunit=\skip52
\aftertitleunit=\skip53
\ttl@plus=\dimen141
\ttl@minus=\dimen142
\ttl@toksa=\toks18
\titlewidth=\dimen143
\titlewidthlast=\dimen144
\titlewidthfirst=\dimen145
) (/usr/share/texlive/texmf-dist/tex/latex/titlesec/titletoc.sty
Package: titletoc 2021/07/05 v2.14 TOC entries
\ttl@leftsep=\dimen146
) (/usr/share/texlive/texmf-dist/tex/latex/hyperref/hyperref.sty
Package: hyperref 2021-06-07 v7.00m Hypertext links for LaTeX
 (/usr/share/texlive/texmf-dist/tex/generic/kvsetkeys/kvsetkeys.sty
Package: kvsetkeys 2019/12/15 v1.18 Key value parser (HO)
) (/usr/share/texlive/texmf-dist/tex/generic/kvdefinekeys/kvdefinekeys.sty
Package: kvdefinekeys 2019-12-19 v1.6 Define keys (HO)
) (/usr/share/texlive/texmf-dist/tex/generic/pdfescape/pdfescape.sty
Package: pdfescape 2019/12/09 v1.15 Implements pdfTeX's escape features (HO)
) (/usr/share/texlive/texmf-dist/tex/latex/hycolor/hycolor.sty
Package: hycolor 2020-01-27 v1.10 Color options for hyperref/bookmark (HO)
) (/usr/share/texlive/texmf-dist/tex/latex/letltxmacro/letltxmacro.sty
Package: letltxmacro 2019/12/03 v1.6 Let assignment for LaTeX macros (HO)
) (/usr/share/texlive/texmf-dist/tex/latex/auxhook/auxhook.sty
Package: auxhook 2019-12-17 v1.6 Hooks for auxiliary files (HO)
) (/usr/share/texlive/texmf-dist/tex/latex/kvoptions/kvoptions.sty
Package: kvoptions 2020-10-07 v3.14 Key value format for package options (HO)
)
\@linkdim=\dimen147
\Hy@linkcounter=\count267
\Hy@pagecounter=\count268
 (/usr/share/texlive/texmf-dist/tex/latex/hyperref/pd1enc.def
File: pd1enc.def 2021-06-07 v7.00m Hyperref: PDFDocEncoding definition (HO)
Now handling font encoding PD1 ...
... no UTF-8 mapping file for font encoding PD1
) (/usr/share/texlive/texmf-dist/tex/latex/hyperref/hyperref-langpatches.def
File: hyperref-langpatches.def 2021-06-07 v7.00m Hyperref: patches for babel languages
) (/usr/share/texlive/texmf-dist/tex/generic/intcalc/intcalc.sty
Package: intcalc 2019/12/15 v1.3 Expandable calculations with integers (HO)
)
\Hy@SavedSpaceFactor=\count269
 (/usr/share/texlive/texmf-dist/tex/latex/hyperref/puenc.def
File: puenc.def 2021-06-07 v7.00m Hyperref: PDF Unicode definition (HO)
Now handling font encoding PU ...
... no UTF-8 mapping file for font encoding PU
)
Package hyperref Info: Option `unicode' set `true' on input line 4073.
Package hyperref Info: Option `hyperfootnotes' set `false' on input line 4073.
Package hyperref Info: Hyper figures OFF on input line 4192.
Package hyperref Info: Link nesting OFF on input line 4197.
Package hyperref Info: Hyper index ON on input line 4200.
Package hyperref Info: Plain pages OFF on input line 4207.
Package hyperref Info: Backreferencing OFF on input line 4212.
Package hyperref Info: Implicit mode ON; LaTeX internals redefined.
Package hyperref Info: Bookmarks ON on input line 4445.
\c@Hy@tempcnt=\count270
 (/usr/share/texlive/texmf-dist/tex/latex/url/url.sty
\Urlmuskip=\muskip16
Package: url 2013/09/16  ver 3.4  Verb mode for urls, etc.
)
LaTeX Info: Redefining \url on input line 4804.
\XeTeXLinkMargin=\dimen148
 (/usr/share/texlive/texmf-dist/tex/generic/bitset/bitset.sty
Package: bitset 2019/12/09 v1.3 Handle bit-vector datatype (HO)
 (/usr/share/texlive/texmf-dist/tex/generic/bigintcalc/bigintcalc.sty
Package: bigintcalc 2019/12/15 v1.5 Expandable calculations on big integers (HO)
))
\Fld@menulength=\count271
\Field@Width=\dimen149
\Fld@charsize=\dimen150
Package hyperref Info: Hyper figures OFF on input line 6076.
Package hyperref Info: Link nesting OFF on input line 6081.
Package hyperref Info: Hyper index ON on input line 6084.
Package hyperref Info: backreferencing OFF on input line 6091.
Package hyperref Info: Link coloring OFF on input line 6096.
Package hyperref Info: Link coloring with OCG OFF on input line 6101.
Package hyperref Info: PDF/A mode OFF on input line 6106.
LaTeX Info: Redefining \ref on input line 6146.
LaTeX Info: Redefining \pageref on input line 6150.
 (/usr/share/texlive/texmf-dist/tex/latex/base/atbegshi-ltx.sty
Package: atbegshi-ltx 2021/01/10 v1.0c Emulation of the original atbegshi
package with kernel methods
)
\Hy@abspage=\count272
\c@Item=\count273
)
Package hyperref Info: Driver (autodetected): hpdftex.
 (/usr/share/texlive/texmf-dist/tex/latex/hyperref/hpdftex.def
File: hpdftex.def 2021-06-07 v7.00m Hyperref driver for pdfTeX
 (/usr/share/texlive/texmf-dist/tex/latex/base/atveryend-ltx.sty
Package: atveryend-ltx 2020/08/19 v1.0a Emulation of the original atveryend package
with kernel methods
)
\Fld@listcount=\count274
\c@bookmark@seq@number=\count275
 (/usr/share/texlive/texmf-dist/tex/latex/rerunfilecheck/rerunfilecheck.sty
Package: rerunfilecheck 2019/12/05 v1.9 Rerun checks for auxiliary files (HO)
 (/usr/share/texlive/texmf-dist/tex/generic/uniquecounter/uniquecounter.sty
Package: uniquecounter 2019/12/15 v1.4 Provide unlimited unique counter (HO)
)
Package uniquecounter Info: New unique counter `rerunfilecheck' on input line 286.
)
\Hy@SectionHShift=\skip54
) (/usr/share/texlive/texmf-dist/tex/latex/ragged2e/ragged2e.sty
Package: ragged2e 2021/12/15 v3.1 ragged2e Package
\CenteringLeftskip=\skip55
\RaggedLeftLeftskip=\skip56
\RaggedRightLeftskip=\skip57
\CenteringRightskip=\skip58
\RaggedLeftRightskip=\skip59
\RaggedRightRightskip=\skip60
\CenteringParfillskip=\skip61
\RaggedLeftParfillskip=\skip62
\RaggedRightParfillskip=\skip63
\JustifyingParfillskip=\skip64
\CenteringParindent=\skip65
\RaggedLeftParindent=\skip66
\RaggedRightParindent=\skip67
\JustifyingParindent=\skip68
) (/usr/share/texlive/texmf-dist/tex/latex/geometry/geometry.sty
Package: geometry 2020/01/02 v5.9 Page Geometry
 (/usr/share/texlive/texmf-dist/tex/generic/iftex/ifvtex.sty
Package: ifvtex 2019/10/25 v1.7 ifvtex legacy package. Use iftex instead.
)
\Gm@cnth=\count276
\Gm@cntv=\count277
\c@Gm@tempcnt=\count278
\Gm@bindingoffset=\dimen151
\Gm@wd@mp=\dimen152
\Gm@odd@mp=\dimen153
\Gm@even@mp=\dimen154
\Gm@layoutwidth=\dimen155
\Gm@layoutheight=\dimen156
\Gm@layouthoffset=\dimen157
\Gm@layoutvoffset=\dimen158
\Gm@dimlist=\toks19
) (/usr/share/texlive/texmf-dist/tex/latex/changepage/changepage.sty
Package: changepage 2009/10/20 v1.0c check page and change page layout
\c@cp@cntr=\count279
\cp@tempcnt=\count280
)
\@tufte@overhang=\skip69
\@tufte@fullwidth=\skip70
\@tufte@caption@fill=\skip71
 (/usr/share/texlive/texmf-dist/tex/latex/paralist/paralist.sty
Package: paralist 2017/01/22 v2.7 Extended list environments
\pltopsep=\skip72
\plpartopsep=\skip73
\plitemsep=\skip74
\plparsep=\skip75
\pl@lab=\toks20
) (/usr/share/texlive/texmf-dist/tex/latex/textcase/textcase.sty
Package: textcase 2019/09/14 v1.00 Text only upper/lower case changing (DPC)
) (/usr/share/texlive/texmf-dist/tex/latex/microtype/letterspace.sty
Package: letterspace 2021/12/10 v3.0b Robust letterspacing (RS)
LaTeX Info: Redefining \lsstyle on input line 340.
LaTeX Info: Redefining \lslig on input line 341.
LaTeX Info: Redefining \textls on input line 366.
\MT@outer@kern=\dimen159
) (/usr/share/texlive/texmf-dist/tex/latex/setspace/setspace.sty
Package: setspace 2011/12/19 v6.7a set line spacing
) (/usr/share/texlive/texmf-dist/tex/latex/xcolor/xcolor.sty
Package: xcolor 2021/10/31 v2.13 LaTeX color extensions (UK)
 (/usr/share/texlive/texmf-dist/tex/latex/graphics-cfg/color.cfg
File: color.cfg 2016/01/02 v1.6 sample color configuration
)
Package xcolor Info: Package option `usenames' ignored on input line 218.
Package xcolor Info: Driver file: pdftex.def on input line 227.
 (/usr/share/texlive/texmf-dist/tex/latex/graphics-def/pdftex.def
File: pdftex.def 2020/10/05 v1.2a Graphics/color driver for pdftex
)
Package xcolor Info: Model `cmy' substituted by `cmy0' on input line 1352.
Package xcolor Info: Model `hsb' substituted by `rgb' on input line 1356.
Package xcolor Info: Model `RGB' extended on input line 1368.
Package xcolor Info: Model `HTML' substituted by `rgb' on input line 1370.
Package xcolor Info: Model `Hsb' substituted by `hsb' on input line 1371.
Package xcolor Info: Model `tHsb' substituted by `hsb' on input line 1372.
Package xcolor Info: Model `HSB' substituted by `hsb' on input line 1373.
Package xcolor Info: Model `Gray' substituted by `gray' on input line 1374.
Package xcolor Info: Model `wave' substituted by `hsb' on input line 1375.
 (/usr/share/texlive/texmf-dist/tex/latex/graphics/dvipsnam.def
File: dvipsnam.def 2016/06/17 v3.0m Driver-dependent file (DPC,SPQR)
) (/usr/share/texlive/texmf-dist/tex/latex/xcolor/svgnam.def
File: svgnam.def 2021/10/31 v2.13 Predefined colors according to SVG 1.1 (UK)
)) (/usr/share/texlive/texmf-dist/tex/latex/natbib/natbib.sty
Package: natbib 2010/09/13 8.31b (PWD, AO)
\bibhang=\skip76
\bibsep=\skip77
LaTeX Info: Redefining \cite on input line 694.
\c@NAT@ctr=\count281
) (/usr/share/texlive/texmf-dist/tex/latex/natbib/bibentry.sty
Package: bibentry 2007/10/30 1.5 (PWD)
) (./ODE_notes.bbl)
\c@@tufte@num@bibkeys=\count282
 (/usr/share/texlive/texmf-dist/tex/latex/sauerj/optparams.sty
Package: optparams 2004/08/14 v0.9 multiple optional parameters in macros
)
\@tufte@sidenote@vertical@offset=\skip78
 (/usr/share/texlive/texmf-dist/tex/latex/placeins/placeins.sty
Package: placeins 2005/04/18  v 2.2
)
\@tufte@margin@floatbox=\box51
\@tufte@figure@box=\box52
\@tufte@caption@box=\box53
\@tufte@caption@vertical@offset=\skip79
\@tufte@float@contents@width=\skip80
 (/usr/share/texlive/texmf-dist/tex/latex/psnfss/mathpazo.sty
Package: mathpazo 2020/03/25 PSNFSS-v9.3 Palatino w/ Pazo Math (D.Puga, WaS) 
\symupright=\mathgroup4
) (/usr/share/texlive/texmf-dist/tex/latex/psnfss/helvet.sty
Package: helvet 2020/03/25 PSNFSS-v9.3 (WaS) 
) (/usr/share/texlive/texmf-dist/tex/latex/bera/beramono.sty
Package: beramono 2004/01/31 (WaS)
) (/usr/share/texlive/texmf-dist/tex/latex/base/fontenc.sty
Package: fontenc 2021/04/29 v2.0v Standard LaTeX package
LaTeX Font Info:    Trying to load font information for T1+pplj on input line 112.
 (/usr/share/texlive/texmf-dist/tex/latex/psnfss/t1pplj.fd
File: t1pplj.fd 2004/09/06 font definitions for T1/pplj.
)) (/usr/share/texlive/texmf-dist/tex/latex/base/textcomp.sty
Package: textcomp 2020/02/02 v2.0n Standard LaTeX package
) (/usr/share/texlive/texmf-dist/tex/latex/fancyhdr/fancyhdr.sty
Package: fancyhdr 2021/01/28 v4.0.1 Extensive control of page headers and footers
\f@nch@headwidth=\skip81
\f@nch@O@elh=\skip82
\f@nch@O@erh=\skip83
\f@nch@O@olh=\skip84
\f@nch@O@orh=\skip85
\f@nch@O@elf=\skip86
\f@nch@O@erf=\skip87
\f@nch@O@olf=\skip88
\f@nch@O@orf=\skip89
)
\tufteskipamount=\skip90
 (/usr/share/texlive/texmf-dist/tex/latex/tools/multicol.sty
Package: multicol 2021/10/28 v1.9b multicolumn formatting (FMi)
\c@tracingmulticols=\count283
\mult@box=\box54
\multicol@leftmargin=\dimen160
\c@unbalance=\count284
\c@collectmore=\count285
\doublecol@number=\count286
\multicoltolerance=\count287
\multicolpretolerance=\count288
\full@width=\dimen161
\page@free=\dimen162
\premulticols=\dimen163
\postmulticols=\dimen164
\multicolsep=\skip91
\multicolbaselineskip=\skip92
\partial@page=\box55
\last@line=\box56
\maxbalancingoverflow=\dimen165
\mult@rightbox=\box57
\mult@grightbox=\box58
\mult@firstbox=\box59
\mult@gfirstbox=\box60
\@tempa=\box61
\@tempa=\box62
\@tempa=\box63
\@tempa=\box64
\@tempa=\box65
\@tempa=\box66
\@tempa=\box67
\@tempa=\box68
\@tempa=\box69
\@tempa=\box70
\@tempa=\box71
\@tempa=\box72
\@tempa=\box73
\@tempa=\box74
\@tempa=\box75
\@tempa=\box76
\@tempa=\box77
\@tempa=\box78
\@tempa=\box79
\@tempa=\box80
\@tempa=\box81
\@tempa=\box82
\@tempa=\box83
\@tempa=\box84
\@tempa=\box85
\@tempa=\box86
\@tempa=\box87
\@tempa=\box88
\@tempa=\box89
\@tempa=\box90
\@tempa=\box91
\@tempa=\box92
\@tempa=\box93
\@tempa=\box94
\@tempa=\box95
\@tempa=\box96
\c@minrows=\count289
\c@columnbadness=\count290
\c@finalcolumnbadness=\count291
\last@try=\dimen166
\multicolovershoot=\dimen167
\multicolundershoot=\dimen168
\mult@nat@firstbox=\box97
\colbreak@box=\box98
\mc@col@check@num=\count292
))) (./preamble.tex (/usr/share/texlive/texmf-dist/tex/latex/base/fontenc.sty
Package: fontenc 2021/04/29 v2.0v Standard LaTeX package
) (/usr/share/texlive/texmf-dist/tex/latex/base/inputenc.sty
Package: inputenc 2021/02/14 v1.3d Input encoding file
\inpenc@prehook=\toks21
\inpenc@posthook=\toks22
) (/usr/share/texlive/texmf-dist/tex/latex/tools/xspace.sty
Package: xspace 2014/10/28 v1.13 Space after command names (DPC,MH)
) (/usr/share/texlive/texmf-dist/tex/latex/amsmath/amsmath.sty
Package: amsmath 2021/10/15 v2.17l AMS math features
\@mathmargin=\skip93

For additional information on amsmath, use the `?' option.
(/usr/share/texlive/texmf-dist/tex/latex/amsmath/amstext.sty
Package: amstext 2021/08/26 v2.01 AMS text
 (/usr/share/texlive/texmf-dist/tex/latex/amsmath/amsgen.sty
File: amsgen.sty 1999/11/30 v2.0 generic functions
\@emptytoks=\toks23
\ex@=\dimen169
)) (/usr/share/texlive/texmf-dist/tex/latex/amsmath/amsbsy.sty
Package: amsbsy 1999/11/29 v1.2d Bold Symbols
\pmbraise@=\dimen170
) (/usr/share/texlive/texmf-dist/tex/latex/amsmath/amsopn.sty
Package: amsopn 2021/08/26 v2.02 operator names
)
\inf@bad=\count293
LaTeX Info: Redefining \frac on input line 234.
\uproot@=\count294
\leftroot@=\count295
LaTeX Info: Redefining \overline on input line 399.
\classnum@=\count296
\DOTSCASE@=\count297
LaTeX Info: Redefining \ldots on input line 496.
LaTeX Info: Redefining \dots on input line 499.
LaTeX Info: Redefining \cdots on input line 620.
\Mathstrutbox@=\box99
\strutbox@=\box100
\big@size=\dimen171
LaTeX Font Info:    Redeclaring font encoding OML on input line 743.
LaTeX Font Info:    Redeclaring font encoding OMS on input line 744.
\macc@depth=\count298
\c@MaxMatrixCols=\count299
\dotsspace@=\muskip17
\c@parentequation=\count300
\dspbrk@lvl=\count301
\tag@help=\toks24
\row@=\count302
\column@=\count303
\maxfields@=\count304
\andhelp@=\toks25
\eqnshift@=\dimen172
\alignsep@=\dimen173
\tagshift@=\dimen174
\tagwidth@=\dimen175
\totwidth@=\dimen176
\lineht@=\dimen177
\@envbody=\toks26
\multlinegap=\skip94
\multlinetaggap=\skip95
\mathdisplay@stack=\toks27
LaTeX Info: Redefining \[ on input line 2938.
LaTeX Info: Redefining \] on input line 2939.
) (/usr/share/texlive/texmf-dist/tex/latex/amscls/amsthm.sty
Package: amsthm 2020/05/29 v2.20.6
\thm@style=\toks28
\thm@bodyfont=\toks29
\thm@headfont=\toks30
\thm@notefont=\toks31
\thm@headpunct=\toks32
\thm@preskip=\skip96
\thm@postskip=\skip97
\thm@headsep=\skip98
\dth@everypar=\toks33
) (/usr/share/texlive/texmf-dist/tex/latex/amsfonts/amssymb.sty
Package: amssymb 2013/01/14 v3.01 AMS font symbols
 (/usr/share/texlive/texmf-dist/tex/latex/amsfonts/amsfonts.sty
Package: amsfonts 2013/01/14 v3.01 Basic AMSFonts support
\symAMSa=\mathgroup5
\symAMSb=\mathgroup6
LaTeX Font Info:    Redeclaring math symbol \hbar on input line 98.
LaTeX Font Info:    Overwriting math alphabet `\mathfrak' in version `bold'
(Font)                  U/euf/m/n --> U/euf/b/n on input line 106.
)) (/usr/share/texlive/texmf-dist/tex/latex/mathtools/mathtools.sty
Package: mathtools 2021/02/02 v1.28 mathematical typesetting tools
 (/usr/share/texlive/texmf-dist/tex/latex/mathtools/mhsetup.sty
Package: mhsetup 2021/03/18 v1.4 programming setup (MH)
)
\g_MT_multlinerow_int=\count305
\l_MT_multwidth_dim=\dimen178
\origjot=\skip99
\l_MT_shortvdotswithinadjustabove_dim=\dimen179
\l_MT_shortvdotswithinadjustbelow_dim=\dimen180
\l_MT_above_intertext_sep=\dimen181
\l_MT_below_intertext_sep=\dimen182
\l_MT_above_shortintertext_sep=\dimen183
\l_MT_below_shortintertext_sep=\dimen184
\xmathstrut@box=\box101
\xmathstrut@dim=\dimen185
) (/usr/share/texlive/texmf-dist/tex/latex/tools/bm.sty
Package: bm 2021/04/25 v1.2e Bold Symbol Support (DPC/FMi)
\symboldoperators=\mathgroup7
\symboldletters=\mathgroup8
\symboldsymbols=\mathgroup9
Package bm Info: No bold for \OMX/zplm/m/n, using \pmb.
\symboldupright=\mathgroup10
Package bm Info: No bold for \U/msa/m/n, using \pmb.
Package bm Info: No bold for \U/msb/m/n, using \pmb.
LaTeX Font Info:    Redeclaring math alphabet \mathbf on input line 149.
) (/usr/share/texlive/texmf-dist/tex/latex/jknapltx/mathrsfs.sty
Package: mathrsfs 1996/01/01 Math RSFS package v1.0 (jk)
\symrsfs=\mathgroup11
) (/usr/share/texlive/texmf-dist/tex/latex/siunitx/siunitx.sty
Package: siunitx 2022-02-02 v3.0.46 A comprehensive (SI) units package
\l__siunitx_angle_tmp_dim=\dimen186
\l__siunitx_angle_marker_box=\box102
\l__siunitx_angle_unit_box=\box103
\l__siunitx_compound_count_int=\count306
 (/usr/share/texlive/texmf-dist/tex/latex/translations/translations.sty
Package: translations 2022/01/04 v1.11 internationalization of LaTeX2e packages (CN)
 (/usr/share/texlive/texmf-dist/tex/latex/etoolbox/etoolbox.sty
Package: etoolbox 2020/10/05 v2.5k e-TeX tools for LaTeX (JAW)
\etb@tempcnta=\count307
))
\l__siunitx_number_exponent_fixed_int=\count308
\l__siunitx_number_min_decimal_int=\count309
\l__siunitx_number_min_integer_int=\count310
\l__siunitx_number_round_precision_int=\count311
\l__siunitx_number_group_minimum_int=\count312
\l__siunitx_table_tmp_box=\box104
\l__siunitx_table_tmp_dim=\dimen187
\l__siunitx_table_column_width_dim=\dimen188
\l__siunitx_table_integer_box=\box105
\l__siunitx_table_decimal_box=\box106
\l__siunitx_table_before_box=\box107
\l__siunitx_table_after_box=\box108
\l__siunitx_table_before_dim=\dimen189
\l__siunitx_table_carry_dim=\dimen190
\l__siunitx_unit_tmp_int=\count313
\l__siunitx_unit_position_int=\count314
\l__siunitx_unit_total_int=\count315
 (/usr/share/texlive/texmf-dist/tex/latex/l3packages/l3keys2e/l3keys2e.sty (/usr/share/texlive/texmf-dist/tex/latex/l3kernel/expl3.sty
Package: expl3 2022-01-21 L3 programming layer (loader) 
 (/usr/share/texlive/texmf-dist/tex/latex/l3backend/l3backend-pdftex.def
File: l3backend-pdftex.def 2022-01-12 L3 backend support: PDF output (pdfTeX)
\l__color_backend_stack_int=\count316
\l__pdf_internal_box=\box109
))
Package: l3keys2e 2022-01-12 LaTeX2e option processing using LaTeX3 keys
) (/usr/share/texlive/texmf-dist/tex/latex/tools/array.sty
Package: array 2021/10/04 v2.5f Tabular extension package (FMi)
\col@sep=\dimen191
\ar@mcellbox=\box110
\extrarowheight=\dimen192
\NC@list=\toks34
\extratabsurround=\skip100
\backup@length=\skip101
\ar@cellbox=\box111
)) (/usr/share/texlive/texmf-dist/tex/latex/parskip/parskip.sty
Package: parskip 2021-03-14 v2.0h non-zero parskip adjustments
)

Package geometry Warning: Over-specification in `h'-direction.
    `width' (312.0pt) is ignored.


Package geometry Warning: Over-specification in `v'-direction.
    `height' (616.0pt) is ignored.

(/usr/share/texlive/texmf-dist/tex/latex/graphics/graphicx.sty
Package: graphicx 2021/09/16 v1.2d Enhanced LaTeX Graphics (DPC,SPQR)
 (/usr/share/texlive/texmf-dist/tex/latex/graphics/graphics.sty
Package: graphics 2021/03/04 v1.4d Standard LaTeX Graphics (DPC,SPQR)
 (/usr/share/texlive/texmf-dist/tex/latex/graphics/trig.sty
Package: trig 2021/08/11 v1.11 sin cos tan (DPC)
) (/usr/share/texlive/texmf-dist/tex/latex/graphics-cfg/graphics.cfg
File: graphics.cfg 2016/06/04 v1.11 sample graphics configuration
)
Package graphics Info: Driver file: pdftex.def on input line 107.
)
\Gin@req@height=\dimen193
\Gin@req@width=\dimen194
) (/usr/share/texlive/texmf-dist/tex/latex/caption/subcaption.sty
Package: subcaption 2020/10/07 v1.3j Sub-captions (AR)
 (/usr/share/texlive/texmf-dist/tex/latex/caption/caption.sty
Package: caption 2020/10/26 v3.5g Customizing captions (AR)
 (/usr/share/texlive/texmf-dist/tex/latex/caption/caption3.sty
Package: caption3 2020/10/21 v2.2e caption3 kernel (AR)
\captionmargin=\dimen195
\captionmargin@=\dimen196
\captionwidth=\dimen197
\caption@tempdima=\dimen198
\caption@indent=\dimen199
\caption@parindent=\dimen256
\caption@hangindent=\dimen257
Package caption Info: Standard document class detected.
)
\c@caption@flags=\count317
\c@continuedfloat=\count318
Package caption Info: changepage package is loaded.
\caption@adjustwidth@hsize=\dimen258
\caption@adjustwidth@linewidth=\dimen259
Package caption Info: hyperref package is loaded.
)
\c@subfigure=\count319
\c@subtable=\count320
) (/usr/share/texlive/texmf-dist/tex/latex/tcolorbox/tcolorbox.sty
Package: tcolorbox 2022/01/07 version 5.0.2 text color boxes
 (/usr/share/texlive/texmf-dist/tex/latex/pgf/basiclayer/pgf.sty (/usr/share/texlive/texmf-dist/tex/latex/pgf/utilities/pgfrcs.sty (/usr/share/texlive/texmf-dist/tex/generic/pgf/utilities/pgfutil-common.tex
\pgfutil@everybye=\toks35
\pgfutil@tempdima=\dimen260
\pgfutil@tempdimb=\dimen261
 (/usr/share/texlive/texmf-dist/tex/generic/pgf/utilities/pgfutil-common-lists.tex)) (/usr/share/texlive/texmf-dist/tex/generic/pgf/utilities/pgfutil-latex.def
\pgfutil@abb=\box112
) (/usr/share/texlive/texmf-dist/tex/generic/pgf/utilities/pgfrcs.code.tex (/usr/share/texlive/texmf-dist/tex/generic/pgf/pgf.revision.tex)
Package: pgfrcs 2021/05/15 v3.1.9a (3.1.9a)
))
Package: pgf 2021/05/15 v3.1.9a (3.1.9a)
 (/usr/share/texlive/texmf-dist/tex/latex/pgf/basiclayer/pgfcore.sty (/usr/share/texlive/texmf-dist/tex/latex/pgf/systemlayer/pgfsys.sty (/usr/share/texlive/texmf-dist/tex/generic/pgf/systemlayer/pgfsys.code.tex
Package: pgfsys 2021/05/15 v3.1.9a (3.1.9a)
 (/usr/share/texlive/texmf-dist/tex/generic/pgf/utilities/pgfkeys.code.tex
\pgfkeys@pathtoks=\toks36
\pgfkeys@temptoks=\toks37
 (/usr/share/texlive/texmf-dist/tex/generic/pgf/utilities/pgfkeysfiltered.code.tex
\pgfkeys@tmptoks=\toks38
))
\pgf@x=\dimen262
\pgf@y=\dimen263
\pgf@xa=\dimen264
\pgf@ya=\dimen265
\pgf@xb=\dimen266
\pgf@yb=\dimen267
\pgf@xc=\dimen268
\pgf@yc=\dimen269
\pgf@xd=\dimen270
\pgf@yd=\dimen271
\w@pgf@writea=\write3
\r@pgf@reada=\read2
\c@pgf@counta=\count321
\c@pgf@countb=\count322
\c@pgf@countc=\count323
\c@pgf@countd=\count324
\t@pgf@toka=\toks39
\t@pgf@tokb=\toks40
\t@pgf@tokc=\toks41
\pgf@sys@id@count=\count325
 (/usr/share/texlive/texmf-dist/tex/generic/pgf/systemlayer/pgf.cfg
File: pgf.cfg 2021/05/15 v3.1.9a (3.1.9a)
)
Driver file for pgf: pgfsys-pdftex.def
 (/usr/share/texlive/texmf-dist/tex/generic/pgf/systemlayer/pgfsys-pdftex.def
File: pgfsys-pdftex.def 2021/05/15 v3.1.9a (3.1.9a)
 (/usr/share/texlive/texmf-dist/tex/generic/pgf/systemlayer/pgfsys-common-pdf.def
File: pgfsys-common-pdf.def 2021/05/15 v3.1.9a (3.1.9a)
))) (/usr/share/texlive/texmf-dist/tex/generic/pgf/systemlayer/pgfsyssoftpath.code.tex
File: pgfsyssoftpath.code.tex 2021/05/15 v3.1.9a (3.1.9a)
\pgfsyssoftpath@smallbuffer@items=\count326
\pgfsyssoftpath@bigbuffer@items=\count327
) (/usr/share/texlive/texmf-dist/tex/generic/pgf/systemlayer/pgfsysprotocol.code.tex
File: pgfsysprotocol.code.tex 2021/05/15 v3.1.9a (3.1.9a)
)) (/usr/share/texlive/texmf-dist/tex/generic/pgf/basiclayer/pgfcore.code.tex
Package: pgfcore 2021/05/15 v3.1.9a (3.1.9a)
 (/usr/share/texlive/texmf-dist/tex/generic/pgf/math/pgfmath.code.tex (/usr/share/texlive/texmf-dist/tex/generic/pgf/math/pgfmathcalc.code.tex (/usr/share/texlive/texmf-dist/tex/generic/pgf/math/pgfmathutil.code.tex) (/usr/share/texlive/texmf-dist/tex/generic/pgf/math/pgfmathparser.code.tex
\pgfmath@dimen=\dimen272
\pgfmath@count=\count328
\pgfmath@box=\box113
\pgfmath@toks=\toks42
\pgfmath@stack@operand=\toks43
\pgfmath@stack@operation=\toks44
) (/usr/share/texlive/texmf-dist/tex/generic/pgf/math/pgfmathfunctions.code.tex (/usr/share/texlive/texmf-dist/tex/generic/pgf/math/pgfmathfunctions.basic.code.tex) (/usr/share/texlive/texmf-dist/tex/generic/pgf/math/pgfmathfunctions.trigonometric.code.tex) (/usr/share/texlive/texmf-dist/tex/generic/pgf/math/pgfmathfunctions.random.code.tex) (/usr/share/texlive/texmf-dist/tex/generic/pgf/math/pgfmathfunctions.comparison.code.tex) (/usr/share/texlive/texmf-dist/tex/generic/pgf/math/pgfmathfunctions.base.code.tex) (/usr/share/texlive/texmf-dist/tex/generic/pgf/math/pgfmathfunctions.round.code.tex) (/usr/share/texlive/texmf-dist/tex/generic/pgf/math/pgfmathfunctions.misc.code.tex) (/usr/share/texlive/texmf-dist/tex/generic/pgf/math/pgfmathfunctions.integerarithmetics.code.tex))) (/usr/share/texlive/texmf-dist/tex/generic/pgf/math/pgfmathfloat.code.tex
\c@pgfmathroundto@lastzeros=\count329
)) (/usr/share/texlive/texmf-dist/tex/generic/pgf/math/pgfint.code.tex) (/usr/share/texlive/texmf-dist/tex/generic/pgf/basiclayer/pgfcorepoints.code.tex
File: pgfcorepoints.code.tex 2021/05/15 v3.1.9a (3.1.9a)
\pgf@picminx=\dimen273
\pgf@picmaxx=\dimen274
\pgf@picminy=\dimen275
\pgf@picmaxy=\dimen276
\pgf@pathminx=\dimen277
\pgf@pathmaxx=\dimen278
\pgf@pathminy=\dimen279
\pgf@pathmaxy=\dimen280
\pgf@xx=\dimen281
\pgf@xy=\dimen282
\pgf@yx=\dimen283
\pgf@yy=\dimen284
\pgf@zx=\dimen285
\pgf@zy=\dimen286
) (/usr/share/texlive/texmf-dist/tex/generic/pgf/basiclayer/pgfcorepathconstruct.code.tex
File: pgfcorepathconstruct.code.tex 2021/05/15 v3.1.9a (3.1.9a)
\pgf@path@lastx=\dimen287
\pgf@path@lasty=\dimen288
) (/usr/share/texlive/texmf-dist/tex/generic/pgf/basiclayer/pgfcorepathusage.code.tex
File: pgfcorepathusage.code.tex 2021/05/15 v3.1.9a (3.1.9a)
\pgf@shorten@end@additional=\dimen289
\pgf@shorten@start@additional=\dimen290
) (/usr/share/texlive/texmf-dist/tex/generic/pgf/basiclayer/pgfcorescopes.code.tex
File: pgfcorescopes.code.tex 2021/05/15 v3.1.9a (3.1.9a)
\pgfpic=\box114
\pgf@hbox=\box115
\pgf@layerbox@main=\box116
\pgf@picture@serial@count=\count330
) (/usr/share/texlive/texmf-dist/tex/generic/pgf/basiclayer/pgfcoregraphicstate.code.tex
File: pgfcoregraphicstate.code.tex 2021/05/15 v3.1.9a (3.1.9a)
\pgflinewidth=\dimen291
) (/usr/share/texlive/texmf-dist/tex/generic/pgf/basiclayer/pgfcoretransformations.code.tex
File: pgfcoretransformations.code.tex 2021/05/15 v3.1.9a (3.1.9a)
\pgf@pt@x=\dimen292
\pgf@pt@y=\dimen293
\pgf@pt@temp=\dimen294
) (/usr/share/texlive/texmf-dist/tex/generic/pgf/basiclayer/pgfcorequick.code.tex
File: pgfcorequick.code.tex 2021/05/15 v3.1.9a (3.1.9a)
) (/usr/share/texlive/texmf-dist/tex/generic/pgf/basiclayer/pgfcoreobjects.code.tex
File: pgfcoreobjects.code.tex 2021/05/15 v3.1.9a (3.1.9a)
) (/usr/share/texlive/texmf-dist/tex/generic/pgf/basiclayer/pgfcorepathprocessing.code.tex
File: pgfcorepathprocessing.code.tex 2021/05/15 v3.1.9a (3.1.9a)
) (/usr/share/texlive/texmf-dist/tex/generic/pgf/basiclayer/pgfcorearrows.code.tex
File: pgfcorearrows.code.tex 2021/05/15 v3.1.9a (3.1.9a)
\pgfarrowsep=\dimen295
) (/usr/share/texlive/texmf-dist/tex/generic/pgf/basiclayer/pgfcoreshade.code.tex
File: pgfcoreshade.code.tex 2021/05/15 v3.1.9a (3.1.9a)
\pgf@max=\dimen296
\pgf@sys@shading@range@num=\count331
\pgf@shadingcount=\count332
) (/usr/share/texlive/texmf-dist/tex/generic/pgf/basiclayer/pgfcoreimage.code.tex
File: pgfcoreimage.code.tex 2021/05/15 v3.1.9a (3.1.9a)
 (/usr/share/texlive/texmf-dist/tex/generic/pgf/basiclayer/pgfcoreexternal.code.tex
File: pgfcoreexternal.code.tex 2021/05/15 v3.1.9a (3.1.9a)
\pgfexternal@startupbox=\box117
)) (/usr/share/texlive/texmf-dist/tex/generic/pgf/basiclayer/pgfcorelayers.code.tex
File: pgfcorelayers.code.tex 2021/05/15 v3.1.9a (3.1.9a)
) (/usr/share/texlive/texmf-dist/tex/generic/pgf/basiclayer/pgfcoretransparency.code.tex
File: pgfcoretransparency.code.tex 2021/05/15 v3.1.9a (3.1.9a)
) (/usr/share/texlive/texmf-dist/tex/generic/pgf/basiclayer/pgfcorepatterns.code.tex
File: pgfcorepatterns.code.tex 2021/05/15 v3.1.9a (3.1.9a)
) (/usr/share/texlive/texmf-dist/tex/generic/pgf/basiclayer/pgfcorerdf.code.tex
File: pgfcorerdf.code.tex 2021/05/15 v3.1.9a (3.1.9a)
))) (/usr/share/texlive/texmf-dist/tex/generic/pgf/modules/pgfmoduleshapes.code.tex
File: pgfmoduleshapes.code.tex 2021/05/15 v3.1.9a (3.1.9a)
\pgfnodeparttextbox=\box118
) (/usr/share/texlive/texmf-dist/tex/generic/pgf/modules/pgfmoduleplot.code.tex
File: pgfmoduleplot.code.tex 2021/05/15 v3.1.9a (3.1.9a)
) (/usr/share/texlive/texmf-dist/tex/latex/pgf/compatibility/pgfcomp-version-0-65.sty
Package: pgfcomp-version-0-65 2021/05/15 v3.1.9a (3.1.9a)
\pgf@nodesepstart=\dimen297
\pgf@nodesepend=\dimen298
) (/usr/share/texlive/texmf-dist/tex/latex/pgf/compatibility/pgfcomp-version-1-18.sty
Package: pgfcomp-version-1-18 2021/05/15 v3.1.9a (3.1.9a)
)) (/usr/share/texlive/texmf-dist/tex/latex/tools/verbatim.sty
Package: verbatim 2020-07-07 v1.5u LaTeX2e package for verbatim enhancements
\every@verbatim=\toks45
\verbatim@line=\toks46
\verbatim@in@stream=\read3
) (/usr/share/texlive/texmf-dist/tex/latex/environ/environ.sty
Package: environ 2014/05/04 v0.3 A new way to define environments
 (/usr/share/texlive/texmf-dist/tex/latex/trimspaces/trimspaces.sty
Package: trimspaces 2009/09/17 v1.1 Trim spaces around a token list
))
\tcb@titlebox=\box119
\tcb@upperbox=\box120
\tcb@lowerbox=\box121
\tcb@phantombox=\box122
\c@tcbbreakpart=\count333
\c@tcblayer=\count334
\c@tcolorbox@number=\count335
\tcb@temp=\box123
\tcb@temp=\box124
\tcb@temp=\box125
\tcb@temp=\box126
) (/usr/share/texlive/texmf-dist/tex/latex/tcolorbox/tcbskins.code.tex
Library (tcolorbox): 'tcbskins.code.tex' version '5.0.2'
(/usr/share/texlive/texmf-dist/tex/latex/pgf/frontendlayer/tikz.sty (/usr/share/texlive/texmf-dist/tex/latex/pgf/utilities/pgffor.sty (/usr/share/texlive/texmf-dist/tex/latex/pgf/utilities/pgfkeys.sty (/usr/share/texlive/texmf-dist/tex/generic/pgf/utilities/pgfkeys.code.tex)) (/usr/share/texlive/texmf-dist/tex/latex/pgf/math/pgfmath.sty (/usr/share/texlive/texmf-dist/tex/generic/pgf/math/pgfmath.code.tex)) (/usr/share/texlive/texmf-dist/tex/generic/pgf/utilities/pgffor.code.tex
Package: pgffor 2021/05/15 v3.1.9a (3.1.9a)
 (/usr/share/texlive/texmf-dist/tex/generic/pgf/math/pgfmath.code.tex)
\pgffor@iter=\dimen299
\pgffor@skip=\dimen300
\pgffor@stack=\toks47
\pgffor@toks=\toks48
)) (/usr/share/texlive/texmf-dist/tex/generic/pgf/frontendlayer/tikz/tikz.code.tex
Package: tikz 2021/05/15 v3.1.9a (3.1.9a)
 (/usr/share/texlive/texmf-dist/tex/generic/pgf/libraries/pgflibraryplothandlers.code.tex
File: pgflibraryplothandlers.code.tex 2021/05/15 v3.1.9a (3.1.9a)
\pgf@plot@mark@count=\count336
\pgfplotmarksize=\dimen301
)
\tikz@lastx=\dimen302
\tikz@lasty=\dimen303
\tikz@lastxsaved=\dimen304
\tikz@lastysaved=\dimen305
\tikz@lastmovetox=\dimen306
\tikz@lastmovetoy=\dimen307
\tikzleveldistance=\dimen308
\tikzsiblingdistance=\dimen309
\tikz@figbox=\box127
\tikz@figbox@bg=\box128
\tikz@tempbox=\box129
\tikz@tempbox@bg=\box130
\tikztreelevel=\count337
\tikznumberofchildren=\count338
\tikznumberofcurrentchild=\count339
\tikz@fig@count=\count340
 (/usr/share/texlive/texmf-dist/tex/generic/pgf/modules/pgfmodulematrix.code.tex
File: pgfmodulematrix.code.tex 2021/05/15 v3.1.9a (3.1.9a)
\pgfmatrixcurrentrow=\count341
\pgfmatrixcurrentcolumn=\count342
\pgf@matrix@numberofcolumns=\count343
)
\tikz@expandcount=\count344
 (/usr/share/texlive/texmf-dist/tex/generic/pgf/frontendlayer/tikz/libraries/tikzlibrarytopaths.code.tex
File: tikzlibrarytopaths.code.tex 2021/05/15 v3.1.9a (3.1.9a)
)))
\tcb@waterbox=\box131
 (/usr/share/texlive/texmf-dist/tex/latex/tcolorbox/tcbskinsjigsaw.code.tex
Library (tcolorbox): 'tcbskinsjigsaw.code.tex' version '5.0.2'
)) (/usr/share/texlive/texmf-dist/tex/latex/tcolorbox/tcbbreakable.code.tex
Library (tcolorbox): 'tcbbreakable.code.tex' version '5.0.2'
(/usr/share/texlive/texmf-dist/tex/generic/oberdiek/pdfcol.sty
Package: pdfcol 2019/12/29 v1.6 Handle new color stacks for pdfTeX (HO)
)
Package pdfcol Info: New color stack `tcb@breakable' = 1 on input line 23.
\tcb@testbox=\box132
\tcb@totalupperbox=\box133
\tcb@totallowerbox=\box134
)
Package hyperref Info: Option `bookmarksnumbered' set `true' on input line 78.
Package hyperref Info: Option `colorlinks' set `true' on input line 78.
 (/usr/share/texlive/texmf-dist/tex/latex/mdframed/mdframed.sty
Package: mdframed 2013/07/01 1.9b: mdframed
 (/usr/share/texlive/texmf-dist/tex/latex/l3packages/xparse/xparse.sty
Package: xparse 2022-01-12 L3 Experimental document command parser
) (/usr/share/texlive/texmf-dist/tex/latex/zref/zref-abspage.sty
Package: zref-abspage 2020-07-03 v2.32 Module abspage for zref (HO)
 (/usr/share/texlive/texmf-dist/tex/latex/zref/zref-base.sty
Package: zref-base 2020-07-03 v2.32 Module base for zref (HO)
Package zref Info: New property list: main on input line 764.
Package zref Info: New property: default on input line 765.
Package zref Info: New property: page on input line 766.
)
\c@abspage=\count345
Package zref Info: New property: abspage on input line 66.
) (/usr/share/texlive/texmf-dist/tex/latex/needspace/needspace.sty
Package: needspace 2010/09/12 v1.3d reserve vertical space
)
\mdf@templength=\skip102
\c@mdf@globalstyle@cnt=\count346
\mdf@skipabove@length=\skip103
\mdf@skipbelow@length=\skip104
\mdf@leftmargin@length=\skip105
\mdf@rightmargin@length=\skip106
\mdf@innerleftmargin@length=\skip107
\mdf@innerrightmargin@length=\skip108
\mdf@innertopmargin@length=\skip109
\mdf@innerbottommargin@length=\skip110
\mdf@splittopskip@length=\skip111
\mdf@splitbottomskip@length=\skip112
\mdf@outermargin@length=\skip113
\mdf@innermargin@length=\skip114
\mdf@linewidth@length=\skip115
\mdf@innerlinewidth@length=\skip116
\mdf@middlelinewidth@length=\skip117
\mdf@outerlinewidth@length=\skip118
\mdf@roundcorner@length=\skip119
\mdf@footenotedistance@length=\skip120
\mdf@userdefinedwidth@length=\skip121
\mdf@needspace@length=\skip122
\mdf@frametitleaboveskip@length=\skip123
\mdf@frametitlebelowskip@length=\skip124
\mdf@frametitlerulewidth@length=\skip125
\mdf@frametitleleftmargin@length=\skip126
\mdf@frametitlerightmargin@length=\skip127
\mdf@shadowsize@length=\skip128
\mdf@extratopheight@length=\skip129
\mdf@subtitleabovelinewidth@length=\skip130
\mdf@subtitlebelowlinewidth@length=\skip131
\mdf@subtitleaboveskip@length=\skip132
\mdf@subtitlebelowskip@length=\skip133
\mdf@subtitleinneraboveskip@length=\skip134
\mdf@subtitleinnerbelowskip@length=\skip135
\mdf@subsubtitleabovelinewidth@length=\skip136
\mdf@subsubtitlebelowlinewidth@length=\skip137
\mdf@subsubtitleaboveskip@length=\skip138
\mdf@subsubtitlebelowskip@length=\skip139
\mdf@subsubtitleinneraboveskip@length=\skip140
\mdf@subsubtitleinnerbelowskip@length=\skip141
 (/usr/share/texlive/texmf-dist/tex/latex/mdframed/md-frame-1.mdf
File: md-frame-1.mdf 2013/07/01\ 1.9b: md-frame-1
)
\mdf@frametitlebox=\box135
\mdf@footnotebox=\box136
\mdf@splitbox@one=\box137
\mdf@splitbox@two=\box138
\mdf@splitbox@save=\box139
\mdfsplitboxwidth=\skip142
\mdfsplitboxtotalwidth=\skip143
\mdfsplitboxheight=\skip144
\mdfsplitboxdepth=\skip145
\mdfsplitboxtotalheight=\skip146
\mdfframetitleboxwidth=\skip147
\mdfframetitleboxtotalwidth=\skip148
\mdfframetitleboxheight=\skip149
\mdfframetitleboxdepth=\skip150
\mdfframetitleboxtotalheight=\skip151
\mdffootnoteboxwidth=\skip152
\mdffootnoteboxtotalwidth=\skip153
\mdffootnoteboxheight=\skip154
\mdffootnoteboxdepth=\skip155
\mdffootnoteboxtotalheight=\skip156
\mdftotallinewidth=\skip157
\mdfboundingboxwidth=\skip158
\mdfboundingboxtotalwidth=\skip159
\mdfboundingboxheight=\skip160
\mdfboundingboxdepth=\skip161
\mdfboundingboxtotalheight=\skip162
\mdf@freevspace@length=\skip163
\mdf@horizontalwidthofbox@length=\skip164
\mdf@verticalmarginwhole@length=\skip165
\mdf@horizontalspaceofbox=\skip166
\mdfsubtitleheight=\skip167
\mdfsubsubtitleheight=\skip168
\c@mdfcountframes=\count347

****** mdframed patching \endmdf@trivlist

****** -- success******

\mdf@envdepth=\count348
\c@mdf@env@i=\count349
\c@mdf@env@ii=\count350
\c@mdf@zref@counter=\count351
Package zref Info: New property: mdf@pagevalue on input line 895.
)
\c@theorem=\count352
 (/usr/share/texlive/texmf-dist/tex/latex/exsheets/exsheets.sty
Package: exsheets 2019/09/30 v0.21k Yet another package for the creation of exercise sheets and exams.
\l__exsheets_tmpa_int=\count353
\l__exsheets_tmpb_int=\count354
\l__exsheets_tmpc_int=\count355
\l__exsheets_tmpd_int=\count356
\l__exsheets_tmpe_int=\count357
\g__exsheets_tmpa_int=\count358
\l__exsheets_tmpa_dim=\dimen310
\l__exsheets_tmpb_dim=\dimen311
 (/usr/share/texlive/texmf-dist/tex/latex/l3packages/xtemplate/xtemplate.sty
Package: xtemplate 2022-01-12 L3 Experimental prototype document functions
\l__xtemplate_tmp_dim=\dimen312
\l__xtemplate_tmp_int=\count359
\l__xtemplate_tmp_muskip=\muskip18
\l__xtemplate_tmp_skip=\skip169
)
\l__exsheets_variations_int=\count360
\g__exsheets_questions_id_int=\count361
\g__exsheets_questions_used_int=\count362
\l__exsheets_include_random_int=\count363
\l__exsheets_questions_set_int=\count364
\g__exsheets_select_random_int=\count365
\g__exsheets_selection_number_int=\count366
\l__exsheets_counter_ch_int=\count367
\l__exsheets_current_ch_int=\count368
\l__exsheets_counter_sec_int=\count369
\l__exsheets_current_sec_int=\count370
\l_exsheets_counter_qu_int=\count371
\l__exsheets_questions_skip_below_dim=\dimen313
\l__exsheets_solutions_skip_below_dim=\dimen314
\l__exsheets_blank_dim=\dimen315
\l__exsheets_blank_line_increment_dim=\dimen316
\l__exsheets_blank_line_minimum_length_dim=\dimen317
\l__exsheets_blank_box=\box140
 (/usr/share/texlive/texmf-dist/tex/latex/cntformats/cntformats.sty
Package: cntformats 2014/07/20 v0.7 A different way to read counters. (CN)
 (/usr/share/texlive/texmf-dist/tex/latex/cnltx/cnltx-base.sty
Package: cnltx-base 2019/11/01 v0.15 LaTeX tools and documenting facilities (CN)
 (/usr/share/texlive/texmf-dist/tex/latex/pgfopts/pgfopts.sty
Package: pgfopts 2014/07/10 v2.1a LaTeX package options with pgfkeys
\pgfopts@list@add@a@toks=\toks49
\pgfopts@list@add@b@toks=\toks50
)
\c@cnltx@tmpa=\count372
\c@cnltx@tmpb=\count373
\c@cnltx@tmpc=\count374
\cnltx@tmpa@length=\skip170
\cnltx@tmpb@length=\skip171
\cnltx@tmpc@length=\skip172
))
\c@question=\count375
 (/usr/share/texlive/texmf-dist/tex/latex/exsheets/exsheets_headings.def
File: exsheets_headings.def  2019/09/30 v0.21k ExSheets headings object
\l__exsheets_heading_above_dim=\dimen318
\l__exsheets_heading_below_dim=\dimen319
\l__exsheets_heading_main_coffin=\box141
\l__exsheets_heading_pre_coffin=\box142
\l__exsheets_heading_post_coffin=\box143
\l__exsheets_heading_title_coffin=\box144
\l__exsheets_heading_number_coffin=\box145
\l__exsheets_heading_points_coffin=\box146
\l__exsheets_heading_subtitle_coffin=\box147

Package xtemplate Info: Declaring object type 'exsheets-heading' taking 5
(xtemplate)             argument(s) on line 184.

) (/usr/share/texlive/texmf-dist/tex/latex/exsheets/exsheets_headings.cfg
File: exsheets_headings.cfg  2019/09/30 v0.21k ExSheets headings instances 
) (/usr/share/texlive/texmf-dist/tex/latex/tasks/tasks.sty
Package: tasks 2022/01/08 v1.4a lists with columns filled horizontally
\g__tasks_total_items_int=\count376
\l__tasks_columns_int=\count377
\g__tasks_rows_int=\count378
\g__tasks_current_col_num_int=\count379
\g__tasks_current_row_num_int=\count380
\l__tasks_item_columns_int=\count381
\g__tasks_env_int=\count382
\l__tasks_start_int=\count383
\l__tasks_item_indent_dim=\dimen320
\l__tasks_item_default_indent_dim=\dimen321
\l__tasks_item_width_dim=\dimen322
\l__tasks_label_width_dim=\dimen323
\l__tasks_label_default_width_dim=\dimen324
\l__tasks_label_offset_dim=\dimen325
\l__tasks_label_default_offset_dim=\dimen326
\l__tasks_column_sep_dim=\dimen327
\l__tasks_correction_dim=\dimen328
\l__tasks_full_width_dim=\dimen329
\l__tasks_after_item_skip=\skip173
\l__tasks_custom_after_item_skip=\skip174
\l__tasks_before_list_skip=\skip175
\l__tasks_after_list_skip=\skip176
\l__tasks_item_coffin=\box148
\l__tasks_label_coffin=\box149
\c@task=\count384
\l__tasks_tmpa_int=\count385
\l__tasks_tmpb_int=\count386
\l__tasks_tmpa_coffin=\box150
\l__tasks_tmpa_box=\box151

Package xtemplate Info: Declaring object type 'tasks' taking 3 argument(s) on
(xtemplate)             line 450.

 (/usr/share/texlive/texmf-dist/tex/latex/tasks/tasks.cfg)) (/usr/share/texlive/texmf-dist/tex/generic/ulem/ulem.sty
\UL@box=\box152
\UL@hyphenbox=\box153
\UL@skip=\skip177
\UL@hook=\toks51
\UL@height=\dimen330
\UL@pe=\count387
\UL@pixel=\dimen331
\ULC@box=\box154
Package: ulem 2019/11/18
\ULdepth=\dimen332
)) (/usr/share/texlive/texmf-dist/tex/latex/fancyvrb/fancyvrb.sty
Package: fancyvrb 2021/12/21 4.1b verbatim text (tvz,hv)
\FV@CodeLineNo=\count388
\FV@InFile=\read4
\FV@TabBox=\box155
\c@FancyVerbLine=\count389
\FV@StepNumber=\count390
\FV@OutFile=\write4
) (/usr/share/texlive/texmf-dist/tex/latex/listings/listings.sty
\lst@mode=\count391
\lst@gtempboxa=\box156
\lst@token=\toks52
\lst@length=\count392
\lst@currlwidth=\dimen333
\lst@column=\count393
\lst@pos=\count394
\lst@lostspace=\dimen334
\lst@width=\dimen335
\lst@newlines=\count395
\lst@lineno=\count396
\lst@maxwidth=\dimen336
 (/usr/share/texlive/texmf-dist/tex/latex/listings/lstmisc.sty
File: lstmisc.sty 2020/03/24 1.8d (Carsten Heinz)
\c@lstnumber=\count397
\lst@skipnumbers=\count398
\lst@framebox=\box157
) (/usr/share/texlive/texmf-dist/tex/latex/listings/listings.cfg
File: listings.cfg 2020/03/24 1.8d listings configuration
))
Package: listings 2020/03/24 1.8d (Carsten Heinz)
 (/usr/share/texlive/texmf-dist/tex/latex/booktabs/booktabs.sty
Package: booktabs 2020/01/12 v1.61803398 Publication quality tables
\heavyrulewidth=\dimen337
\lightrulewidth=\dimen338
\cmidrulewidth=\dimen339
\belowrulesep=\dimen340
\belowbottomsep=\dimen341
\aboverulesep=\dimen342
\abovetopsep=\dimen343
\cmidrulesep=\dimen344
\cmidrulekern=\dimen345
\defaultaddspace=\dimen346
\@cmidla=\count399
\@cmidlb=\count400
\@aboverulesep=\dimen347
\@belowrulesep=\dimen348
\@thisruleclass=\count401
\@lastruleclass=\count402
\@thisrulewidth=\dimen349
) (/usr/share/texlive/texmf-dist/tex/latex/pgfplots/pgfplots.sty (/usr/share/texlive/texmf-dist/tex/generic/pgfplots/pgfplots.revision.tex)
Package: pgfplots 2021/05/15 v1.18.1 Data Visualization (1.18.1)
 (/usr/share/texlive/texmf-dist/tex/generic/pgfplots/pgfplots.code.tex (/usr/share/texlive/texmf-dist/tex/generic/pgfplots/pgfplotscore.code.tex
\t@pgfplots@toka=\toks53
\t@pgfplots@tokb=\toks54
\t@pgfplots@tokc=\toks55
\pgfplots@tmpa=\dimen350
\c@pgfplots@coordindex=\count403
\c@pgfplots@scanlineindex=\count404
 (/usr/share/texlive/texmf-dist/tex/generic/pgfplots/sys/pgfplotssysgeneric.code.tex)) (/usr/share/texlive/texmf-dist/tex/generic/pgfplots/libs/pgfplotslibrary.code.tex) (/usr/share/texlive/texmf-dist/tex/generic/pgfplots/oldpgfcompatib/pgfplotsoldpgfsupp_loader.code.tex (/usr/share/texlive/texmf-dist/tex/generic/pgf/libraries/pgflibraryfpu.code.tex)) (/usr/share/texlive/texmf-dist/tex/generic/pgfplots/util/pgfplotsutil.code.tex (/usr/share/texlive/texmf-dist/tex/generic/pgfplots/liststructure/pgfplotsliststructure.code.tex) (/usr/share/texlive/texmf-dist/tex/generic/pgfplots/liststructure/pgfplotsliststructureext.code.tex) (/usr/share/texlive/texmf-dist/tex/generic/pgfplots/liststructure/pgfplotsarray.code.tex
\c@pgfplotsarray@tmp=\count405
) (/usr/share/texlive/texmf-dist/tex/generic/pgfplots/liststructure/pgfplotsmatrix.code.tex) (/usr/share/texlive/texmf-dist/tex/generic/pgfplots/numtable/pgfplotstableshared.code.tex
\c@pgfplotstable@counta=\count406
\t@pgfplotstable@a=\toks56
) (/usr/share/texlive/texmf-dist/tex/generic/pgfplots/liststructure/pgfplotsdeque.code.tex) (/usr/share/texlive/texmf-dist/tex/generic/pgfplots/util/pgfplotsbinary.code.tex (/usr/share/texlive/texmf-dist/tex/generic/pgfplots/util/pgfplotsbinary.data.code.tex)) (/usr/share/texlive/texmf-dist/tex/generic/pgfplots/util/pgfplotsutil.verb.code.tex) (/usr/share/texlive/texmf-dist/tex/generic/pgfplots/libs/pgflibrarypgfplots.surfshading.code.tex
\c@pgfplotslibrarysurf@no=\count407
 (/usr/share/texlive/texmf-dist/tex/generic/pgfplots/sys/pgflibrarypgfplots.surfshading.pgfsys-pdftex.def))) (/usr/share/texlive/texmf-dist/tex/generic/pgfplots/util/pgfplotscolormap.code.tex (/usr/share/texlive/texmf-dist/tex/generic/pgfplots/util/pgfplotscolor.code.tex)) (/usr/share/texlive/texmf-dist/tex/generic/pgfplots/pgfplotsstackedplots.code.tex) (/usr/share/texlive/texmf-dist/tex/generic/pgfplots/pgfplotsplothandlers.code.tex (/usr/share/texlive/texmf-dist/tex/generic/pgfplots/pgfplotsmeshplothandler.code.tex (/usr/share/texlive/texmf-dist/tex/generic/pgfplots/pgfplotsmeshplotimage.code.tex))) (/usr/share/texlive/texmf-dist/tex/generic/pgfplots/pgfplots.scaling.code.tex) (/usr/share/texlive/texmf-dist/tex/generic/pgfplots/pgfplotscoordprocessing.code.tex) (/usr/share/texlive/texmf-dist/tex/generic/pgfplots/pgfplots.errorbars.code.tex) (/usr/share/texlive/texmf-dist/tex/generic/pgfplots/pgfplots.markers.code.tex) (/usr/share/texlive/texmf-dist/tex/generic/pgfplots/pgfplotsticks.code.tex) (/usr/share/texlive/texmf-dist/tex/generic/pgfplots/pgfplots.paths.code.tex) (/usr/share/texlive/texmf-dist/tex/generic/pgf/frontendlayer/tikz/libraries/tikzlibrarydecorations.code.tex (/usr/share/texlive/texmf-dist/tex/generic/pgf/modules/pgfmoduledecorations.code.tex
\pgfdecoratedcompleteddistance=\dimen351
\pgfdecoratedremainingdistance=\dimen352
\pgfdecoratedinputsegmentcompleteddistance=\dimen353
\pgfdecoratedinputsegmentremainingdistance=\dimen354
\pgf@decorate@distancetomove=\dimen355
\pgf@decorate@repeatstate=\count408
\pgfdecorationsegmentamplitude=\dimen356
\pgfdecorationsegmentlength=\dimen357
)
\tikz@lib@dec@box=\box158
) (/usr/share/texlive/texmf-dist/tex/generic/pgf/frontendlayer/tikz/libraries/tikzlibrarydecorations.pathmorphing.code.tex (/usr/share/texlive/texmf-dist/tex/generic/pgf/libraries/decorations/pgflibrarydecorations.pathmorphing.code.tex)) (/usr/share/texlive/texmf-dist/tex/generic/pgf/frontendlayer/tikz/libraries/tikzlibrarydecorations.pathreplacing.code.tex (/usr/share/texlive/texmf-dist/tex/generic/pgf/libraries/decorations/pgflibrarydecorations.pathreplacing.code.tex)) (/usr/share/texlive/texmf-dist/tex/generic/pgfplots/libs/tikzlibrarypgfplots.contourlua.code.tex)
\pgfplots@numplots=\count409
\pgfplots@xmin@reg=\dimen358
\pgfplots@xmax@reg=\dimen359
\pgfplots@ymin@reg=\dimen360
\pgfplots@ymax@reg=\dimen361
\pgfplots@zmin@reg=\dimen362
\pgfplots@zmax@reg=\dimen363
) (/usr/share/texlive/texmf-dist/tex/generic/pgf/frontendlayer/tikz/libraries/tikzlibraryplotmarks.code.tex
File: tikzlibraryplotmarks.code.tex 2021/05/15 v3.1.9a (3.1.9a)
 (/usr/share/texlive/texmf-dist/tex/generic/pgf/libraries/pgflibraryplotmarks.code.tex
File: pgflibraryplotmarks.code.tex 2021/05/15 v3.1.9a (3.1.9a)
))) (/usr/share/texlive/texmf-dist/tex/latex/pgfplots/pgfplotstable.sty (/usr/share/texlive/texmf-dist/tex/generic/pgfplots/pgfplots.revision.tex)
Package: pgfplotstable 2021/05/15 v1.18.1 Table typesetting and Pretty-printing (1.18.1)
 (/usr/share/texlive/texmf-dist/tex/generic/pgfplots/numtable/pgfplotstable.code.tex (/usr/share/texlive/texmf-dist/tex/generic/pgfplots/numtable/pgfplotstable.coltype.code.tex))) (/usr/share/texlive/texmf-dist/tex/generic/pgfplots/libs/tikzlibrarypgfplots.patchplots.code.tex) (/usr/share/texlive/texmf-dist/tex/latex/base/makeidx.sty
Package: makeidx 2021/10/04 v1.0m Standard LaTeX package
)
\@indexfile=\write5
\openout5 = `ODE_notes.idx'.


Writing index file ODE_notes.idx
(/usr/share/texlive/texmf-dist/tex/latex/pdfpages/pdfpages.sty
Package: pdfpages 2022/01/29 v0.5u Insert pages of external PDF documents (AM)
 (/usr/share/texlive/texmf-dist/tex/latex/eso-pic/eso-pic.sty
Package: eso-pic 2020/10/14 v3.0a eso-pic (RN)
\ESO@tempdima=\dimen364
\ESO@tempdimb=\dimen365
)
\AM@pagewidth=\dimen366
\AM@pageheight=\dimen367
\AM@fboxrule=\dimen368
 (/usr/share/texlive/texmf-dist/tex/latex/pdfpages/pppdftex.def
File: pppdftex.def 2022/01/29 v0.5u Pdfpages driver for pdfTeX (AM)
)
\pdfpages@includegraphics@status=\count410
\AM@pagebox=\box159
\AM@global@opts=\toks57
\AM@pagecnt=\count411
\AM@toc@title=\toks58
\c@AM@survey=\count412
\AM@templatesizebox=\box160
))
Package translations Info: No language package found. I am going to use `english' as default language. on input line 9.


LaTeX Warning: Unused global option(s):
    [margins=True,margins].

(./ODE_notes.aux)
\openout1 = `ODE_notes.aux'.

LaTeX Font Info:    Checking defaults for OML/cmm/m/it on input line 9.
LaTeX Font Info:    ... okay on input line 9.
LaTeX Font Info:    Checking defaults for OMS/cmsy/m/n on input line 9.
LaTeX Font Info:    ... okay on input line 9.
LaTeX Font Info:    Checking defaults for OT1/cmr/m/n on input line 9.
LaTeX Font Info:    ... okay on input line 9.
LaTeX Font Info:    Checking defaults for T1/cmr/m/n on input line 9.
LaTeX Font Info:    ... okay on input line 9.
LaTeX Font Info:    Checking defaults for TS1/cmr/m/n on input line 9.
LaTeX Font Info:    ... okay on input line 9.
LaTeX Font Info:    Checking defaults for OMX/cmex/m/n on input line 9.
LaTeX Font Info:    ... okay on input line 9.
LaTeX Font Info:    Checking defaults for U/cmr/m/n on input line 9.
LaTeX Font Info:    ... okay on input line 9.
LaTeX Font Info:    Checking defaults for PD1/pdf/m/n on input line 9.
LaTeX Font Info:    ... okay on input line 9.
LaTeX Font Info:    Checking defaults for PU/pdf/m/n on input line 9.
LaTeX Font Info:    ... okay on input line 9.
Package hyperref Info: Link coloring ON on input line 9.
 (/usr/share/texlive/texmf-dist/tex/latex/hyperref/nameref.sty
Package: nameref 2021-04-02 v2.47 Cross-referencing by name of section
 (/usr/share/texlive/texmf-dist/tex/latex/refcount/refcount.sty
Package: refcount 2019/12/15 v3.6 Data extraction from label references (HO)
) (/usr/share/texlive/texmf-dist/tex/generic/gettitlestring/gettitlestring.sty
Package: gettitlestring 2019/12/15 v1.6 Cleanup title references (HO)
)
\c@section@level=\count413
)
LaTeX Info: Redefining \ref on input line 9.
LaTeX Info: Redefining \pageref on input line 9.
LaTeX Info: Redefining \nameref on input line 9.
\@outlinefile=\write6
\openout6 = `ODE_notes.out'.


*geometry* driver: auto-detecting
*geometry* detected driver: pdftex
*geometry* verbose mode - [ preamble ] result:
* driver: pdftex
* paper: letterpaper
* layout: <same size as paper>
* layoutoffset:(h,v)=(0.0pt,0.0pt)
* modes: twoside asymmetric 
* h-part:(L,W,R)=(54.2025pt, 379.41751pt, 180.67499pt)
* v-part:(T,H,B)=(54.2025pt, 704.63249pt, 36.135pt)
* \paperwidth=614.295pt
* \paperheight=794.96999pt
* \textwidth=379.41751pt
* \textheight=704.63249pt
* \oddsidemargin=-18.06749pt
* \evensidemargin=-18.06749pt
* \topmargin=-60.06749pt
* \headheight=14.0pt
* \headsep=28.0pt
* \topskip=10.0pt
* \footskip=25.29494pt
* \marginparwidth=144.0pt
* \marginparsep=24.0pt
* \columnsep=10.0pt
* \skip\footins=9.0pt plus 4.0pt minus 2.0pt
* \hoffset=0.0pt
* \voffset=0.0pt
* \mag=1000
* \@twocolumnfalse
* \@twosidetrue
* \@mparswitchfalse
* \@reversemarginfalse
* (1in=72.27pt=25.4mm, 1cm=28.453pt)

\langwohyphens=\language3
(/usr/share/texlive/texmf-dist/tex/context/base/mkii/supp-pdf.mkii
[Loading MPS to PDF converter (version 2006.09.02).]
\scratchcounter=\count414
\scratchdimen=\dimen369
\scratchbox=\box161
\nofMPsegments=\count415
\nofMParguments=\count416
\everyMPshowfont=\toks59
\MPscratchCnt=\count417
\MPscratchDim=\dimen370
\MPnumerator=\count418
\makeMPintoPDFobject=\count419
\everyMPtoPDFconversion=\toks60
) (/usr/share/texlive/texmf-dist/tex/latex/epstopdf-pkg/epstopdf-base.sty
Package: epstopdf-base 2020-01-24 v2.11 Base part for package epstopdf
Package epstopdf-base Info: Redefining graphics rule for `.eps' on input line 485.
 (/usr/share/texlive/texmf-dist/tex/latex/latexconfig/epstopdf-sys.cfg
File: epstopdf-sys.cfg 2010/07/13 v1.3 Configuration of (r)epstopdf for TeX Live
)) (/usr/share/texlive/texmf-dist/tex/latex/translations/translations-basic-dictionary-english.trsl
File: translations-basic-dictionary-english.trsl (english translation file `translations-basic-dictionary')
)
Package translations Info: loading dictionary `translations-basic-dictionary' for `english'. on input line 9.
Package caption Info: Begin \AtBeginDocument code.
Package caption Info: listings package is loaded.
Package caption Info: End \AtBeginDocument code.

Package exsheets Info: Loading custom configurations file
(exsheets)             `exsheets_configurations.cfg'.

 (/usr/share/texlive/texmf-dist/tex/latex/exsheets/exsheets_configurations.cfg
File: exsheets_configurations.cfg 
)
\c@lstlisting=\count420

Package pgfplots notification 'compat/show suggested version=true': document has been generated with the most recent feature set (\pgfplotsset{compat=1.18}).

(/usr/share/texlive/texmf-dist/tex/latex/pdflscape/pdflscape.sty
Package: pdflscape 2019/12/05 v0.12 Display of landscape pages in PDF (HO)
 (/usr/share/texlive/texmf-dist/tex/latex/graphics/lscape.sty
Package: lscape 2020/05/28 v3.02 Landscape Pages (DPC)
)
Package pdflscape Info: Auto-detected driver: pdftex on input line 81.
) (./coverpage.tex
LaTeX Font Info:    Trying to load font information for TS1+pplj on input line 24.
 (/usr/share/texlive/texmf-dist/tex/latex/psnfss/ts1pplj.fd
File: ts1pplj.fd 2004/09/06 font definitions for TS1/pplj.
)
LaTeX Font Info:    Trying to load font information for T1+fvm on input line 28.
 (/usr/share/texlive/texmf-dist/tex/latex/bera/t1fvm.fd
File: t1fvm.fd 2004/09/07 scalable font definitions for T1/fvm.
)
LaTeX Font Info:    Font shape `T1/fvm/m/n' will be
(Font)              scaled to size 8.50006pt on input line 28.
LaTeX Font Info:    Trying to load font information for OT1+pplx on input line 28.
 (/usr/share/texlive/texmf-dist/tex/latex/psnfss/ot1pplx.fd
File: ot1pplx.fd 2004/09/06 font definitions for OT1/pplx.
)
LaTeX Font Info:    Trying to load font information for OML+zplm on input line 28.
 (/usr/share/texlive/texmf-dist/tex/latex/psnfss/omlzplm.fd
File: omlzplm.fd 2002/09/08 Fontinst v1.914 font definitions for OML/zplm.
)
LaTeX Font Info:    Trying to load font information for OMS+zplm on input line 28.
 (/usr/share/texlive/texmf-dist/tex/latex/psnfss/omszplm.fd
File: omszplm.fd 2002/09/08 Fontinst v1.914 font definitions for OMS/zplm.
)
LaTeX Font Info:    Trying to load font information for OMX+zplm on input line 28.
 (/usr/share/texlive/texmf-dist/tex/latex/psnfss/omxzplm.fd
File: omxzplm.fd 2002/09/08 Fontinst v1.914 font definitions for OMX/zplm.
)
LaTeX Font Info:    Trying to load font information for OT1+zplm on input line 28.
 (/usr/share/texlive/texmf-dist/tex/latex/psnfss/ot1zplm.fd
File: ot1zplm.fd 2002/09/08 Fontinst v1.914 font definitions for OT1/zplm.
)
LaTeX Font Info:    Font shape `U/msa/m/n' will be
(Font)              scaled to size 10.42007pt on input line 28.
LaTeX Font Info:    Font shape `U/msa/m/n' will be
(Font)              scaled to size 7.91925pt on input line 28.
LaTeX Font Info:    Font shape `U/msa/m/n' will be
(Font)              scaled to size 6.25204pt on input line 28.
LaTeX Font Info:    Font shape `U/msb/m/n' will be
(Font)              scaled to size 10.42007pt on input line 28.
LaTeX Font Info:    Font shape `U/msb/m/n' will be
(Font)              scaled to size 7.91925pt on input line 28.
LaTeX Font Info:    Font shape `U/msb/m/n' will be
(Font)              scaled to size 6.25204pt on input line 28.
LaTeX Font Info:    Trying to load font information for U+rsfs on input line 28.
 (/usr/share/texlive/texmf-dist/tex/latex/jknapltx/ursfs.fd
File: ursfs.fd 1998/03/24 rsfs font definition file (jk)
) [1


{/var/lib/texmf/fonts/map/pdftex/updmap/pdftex.map}] [2

]
\tf@toc=\write7
\openout7 = `ODE_notes.toc'.

 [3

] [4

]

LaTeX Font Warning: Font shape `T1/pplj/b/sc' undefined
(Font)              using `T1/pplj/b/n' instead on input line 75.

LaTeX Font Info:    Trying to load font information for T1+phv on input line 83.
(/usr/share/texlive/texmf-dist/tex/latex/psnfss/t1phv.fd
File: t1phv.fd 2020/03/25 scalable font definitions for T1/phv.
)
LaTeX Font Info:    Font shape `T1/phv/m/n' will be
(Font)              scaled to size 8.99994pt on input line 83.
LaTeX Font Info:    Font shape `T1/phv/m/sc' will be
(Font)              scaled to size 8.99994pt on input line 83.
) (./ch1.tex [5] [6

]
Chapter 1.
Package mdframed Info: mdframed works in twoside mode on input line 3.
Package mdframed Info: mdframed detected package amsthm 
 changed the theorem header of amsthm
(mdframed)              on input line 3.

Overfull \hbox (13.06454pt too wide) in paragraph at lines 9--10
[]\T1/pplj/m/n/9 In this sec-tion, you will re-view the tech-niques from Cal-cu-lus classes that you should ab-so-lutely know in and out:
 []


Overfull \hbox (14.09956pt too wide) in paragraph at lines 9--10
\T1/pplj/m/n/9 sketch-ing func-tions, im-plicit deriva-tives, and three in-te-gra-tion tech-niques: sub-sti-tu-tion, by-parts, and par-tial frac-
 []


Underfull \hbox (badness 10000) in paragraph at lines 30--31
[]\T1/pplj/m/n/10 Should be fa-mil-iar with
 []


Underfull \hbox (badness 10000) in paragraph at lines 30--31
\T1/pplj/m/n/10 graphs of the nat-u-ral ex-po-
 []


Underfull \hbox (badness 10000) in paragraph at lines 30--31
\T1/pplj/m/n/10 nen-tial and nat-u-ral log-a-
 []


Overfull \hbox (3.48975pt too wide) in paragraph at lines 110--112
[]\T1/pplj/b/n/10 Partial Frac-tion De-com-po-si-tion\T1/pplj/m/n/10 : If the in-te-grand is a ra-tio-nal func-tion $[]$, de-com-pose into sim-pler
 []


LaTeX Warning: Reference `mdf@pagelabel-1' on page 7 undefined on input line 141.

[7]
Package mdframed Info: Box was splittet wrong
 starting loop to iterate the splitting point
(mdframed)              on input line 141.


LaTeX Warning: Reference `mdf@pagelabel-2' on page 8 undefined on input line 141.

[8]

LaTeX Warning: Reference `mdf@pagelabel-3' on page 9 undefined on input line 141.

LaTeX Font Info:    Font shape `U/msa/m/n' will be
(Font)              scaled to size 8.33606pt on input line 173.
LaTeX Font Info:    Font shape `U/msa/m/n' will be
(Font)              scaled to size 5.21004pt on input line 173.
LaTeX Font Info:    Font shape `U/msb/m/n' will be
(Font)              scaled to size 8.33606pt on input line 173.
LaTeX Font Info:    Font shape `U/msb/m/n' will be
(Font)              scaled to size 5.21004pt on input line 173.
LaTeX Font Info:    Font shape `T1/phv/m/n' will be
(Font)              scaled to size 7.19995pt on input line 173.
LaTeX Font Info:    Font shape `T1/phv/m/n' will be
(Font)              scaled to size 4.49997pt on input line 173.

LaTeX Warning: Marginpar on page 9 moved.


LaTeX Warning: Marginpar on page 9 moved.


LaTeX Warning: Marginpar on page 9 moved.


Underfull \vbox (badness 10000) has occurred while \output is active []

 [9]

LaTeX Warning: Marginpar on page 10 moved.


LaTeX Warning: Marginpar on page 10 moved.

[10]

LaTeX Warning: Marginpar on page 11 moved.


Underfull \hbox (badness 6825) in paragraph at lines 248--249
[][]\T1/pplj/b/n/10 Definition 1.2.1. []\T1/pplj/m/it/10 A \T1/pplj/m/n/10 dif-fer-en-tial equa-tion \T1/pplj/m/it/10 is an equa-tion that con-tains one or more
 []


Underfull \hbox (badness 10000) in paragraph at lines 275--276
[][]\T1/pplj/b/n/10 Definition 1.2.2. []\T1/pplj/m/it/10 The \T1/pplj/m/n/10 or-der \T1/pplj/m/it/10 of a dif-fer-en-tial equa-tion is the high-est deriva-tive that
 []


Underfull \hbox (badness 10000) in paragraph at lines 286--288
[][]\T1/pplj/b/n/10 Definition 1.2.3 \T1/pplj/m/n/10 (Lin-ear-ity)\T1/pplj/b/n/10 . []\T1/pplj/m/it/10 An ODE is \T1/pplj/m/n/10 lin-ear \T1/pplj/m/it/10 if the de-pen-dent vari-able $\OML/zplm/m/it/10 y$ \T1/pplj/m/it/10 and
 []


Underfull \hbox (badness 10000) in paragraph at lines 286--288
\T1/pplj/m/it/10 its deriva-tives $\OML/zplm/m/it/10 y[]\OT1/pplx/m/n/10 , \OML/zplm/m/it/10 y[]\OT1/pplx/m/n/10 , [] , \OML/zplm/m/it/10 y[]$ \T1/pplj/m/it/10 all ap-pear only to the first power and not mul-ti-plied
 []


Underfull \hbox (badness 10000) in paragraph at lines 290--293
\T1/pplj/m/it/10 An ODE is \T1/pplj/m/n/10 non-lin-ear \T1/pplj/m/it/10 if it con-tains prod-ucts, pow-ers, or non-lin-ear func-tions of the
 []

[11]
Underfull \hbox (badness 10000) in paragraph at lines 299--301
[][]\T1/pplj/b/n/10 Definition 1.2.4. []\T1/pplj/m/it/10 A dif-fer-en-tial equa-tion is ho-mo-ge-neous if all terms de-pend on the
 []


Underfull \hbox (badness 10000) in paragraph at lines 299--301
\T1/pplj/m/it/10 un-known func-tion or its deriva-tives. If there is a term that does not, it is non-ho-mo-ge-
 []


Underfull \hbox (badness 10000) in paragraph at lines 307--309
[][]\T1/pplj/b/n/10 Definition 1.2.5. []\T1/pplj/m/it/10 An \T1/pplj/m/n/10 Ini-tial Value Prob-lem (IVP) \T1/pplj/m/it/10 of an $\OML/zplm/m/it/10 n\OMS/zplm/m/n/10 ^^@$\T1/pplj/m/it/10 th or-der dif-fer-en-tial
 []


Underfull \hbox (badness 10000) in paragraph at lines 307--309
\T1/pplj/m/it/10 equa-tion is the dif-fer-en-tial equa-tion to-gether with an ini-tial con-di-tion of $\OML/zplm/m/it/10 y$ \T1/pplj/m/it/10 and the
 []


Underfull \hbox (badness 10000) in paragraph at lines 323--324
[][]\T1/pplj/b/n/10 Definition 1.2.7. []\T1/pplj/m/it/10 A \T1/pplj/m/n/10 so-lu-tion \T1/pplj/m/it/10 of a dif-fer-en-tial equa-tion is any func-tion that sat-is-fies
 []


LaTeX Warning: Marginpar on page 12 moved.

[12] [13]
Underfull \hbox (badness 10000) in paragraph at lines 411--412
[][]\T1/pplj/b/n/10 Example 1.3.1 \T1/pplj/m/n/10 (New-ton's Law of Cool-ing)\T1/pplj/b/n/10 . []\T1/pplj/m/it/10 New-ton's law of cool-ing states that
 []


Underfull \hbox (badness 10000) in paragraph at lines 411--412
\T1/pplj/m/it/10 the rate of change of tem-per-a-ture $\OML/zplm/m/it/10 T\OT1/zplm/m/n/10 (\OML/zplm/m/it/10 t\OT1/zplm/m/n/10 )$ \T1/pplj/m/it/10 of an ob-ject is pro-por-tional to the dif-fer-ence
 []


Underfull \hbox (badness 10000) in paragraph at lines 460--460
[]\T1/pplj/m/n/10 Figure 1.1: |Ex-po-nen-tial de-cay of
 []


Underfull \hbox (badness 10000) in paragraph at lines 460--460
\T1/pplj/m/n/10 tem-per-a-ture in New-ton's Law
 []


Underfull \hbox (badness 7291) in paragraph at lines 464--465
[][]\T1/pplj/b/n/10 Example 1.3.2 \T1/pplj/m/n/10 (Sim-ple Har-monic Os-cil-la-tor)\T1/pplj/b/n/10 . []\T1/pplj/m/it/10 The mo-tion of a mass at-tached to a
 []


Underfull \hbox (badness 10000) in paragraph at lines 476--478
[]\T1/pplj/m/it/10 This is a second-order lin-ear ho-mo-ge-neous ODE with con-stant co-ef-fi-cients. The char-
 []


Underfull \vbox (badness 2970) has occurred while \output is active []

 [14]
Underfull \hbox (badness 10000) in paragraph at lines 508--508
[]\T1/pplj/m/n/10 Figure 1.2: |So-lu-tions of the sim-
 []


Underfull \hbox (badness 10000) in paragraph at lines 513--514
[][]\T1/pplj/b/n/10 Example 1.3.3 \T1/pplj/m/n/10 (Lo-gis-tic Pop-u-la-tion Growth)\T1/pplj/b/n/10 . []\T1/pplj/m/it/10 A sim-ple model for pop-u-la-tion
 []

[15]
Underfull \hbox (badness 10000) in paragraph at lines 575--575
[]\T1/pplj/m/n/10 Figure 1.3: |Lo-gis-tic growth ap-
 []


Underfull \hbox (badness 10000) in paragraph at lines 575--575
\T1/pplj/m/n/10 proach-ing the car-ry-ing ca-pac-ity
 []


Underfull \hbox (badness 10000) in paragraph at lines 589--591
[][]\T1/pplj/b/n/10 Definition 1.4.2. []\T1/pplj/m/it/10 The graph of a so-lu-tion of a dif-fer-en-tial equa-tion is called a \T1/pplj/m/n/10 so-lu-
 []


Underfull \hbox (badness 10000) in paragraph at lines 589--591
\T1/pplj/m/n/10 tion curve\T1/pplj/m/it/10 . A curve $\OML/zplm/m/it/10 C$ \T1/pplj/m/it/10 is called an \T1/pplj/m/n/10 in-te-gral curve \T1/pplj/m/it/10 of a dif-fer-en-tial if ev-ery so-lu-tion
 []

[16]
Overfull \hbox (48.32903pt too wide) in paragraph at lines 722--724
 [][] 
 []


Underfull \hbox (badness 10000) in paragraph at lines 727--727
[]\T1/pplj/m/n/10 Figure 1.4: |Slope field and
 []


Underfull \hbox (badness 10000) in paragraph at lines 727--727
\T1/pplj/m/n/10 some so-lu-tion curves for the
 []


Underfull \hbox (badness 10000) in paragraph at lines 727--727
\T1/pplj/m/n/10 lo-gis-tic equa-tion. Equi-lib-ria
 []


Underfull \hbox (badness 10000) in paragraph at lines 727--727
\T1/pplj/m/n/10 around with the sage code here
 []


Underfull \vbox (badness 10000) has occurred while \output is active []

 [17]
Underfull \hbox (badness 10000) in paragraph at lines 778--778
[]\T1/pplj/m/n/10 Figure 1.5: |An \T1/pplj/m/it/10 in-te-gral curve
 []


Underfull \hbox (badness 10000) in paragraph at lines 778--778
\T1/pplj/m/n/10 is more gen-eral term for the
 []


Underfull \hbox (badness 10000) in paragraph at lines 778--778
\T1/pplj/m/n/10 graph of a so-lu-tion, in-clud-ing
 []


Underfull \hbox (badness 10000) in paragraph at lines 778--778
\T1/pplj/m/n/10 those that are not func-tions.
 []


Underfull \hbox (badness 10000) in paragraph at lines 778--778
\T1/pplj/m/n/10 For ex-am-ple, the full hy-per-
 []


Underfull \hbox (badness 10000) in paragraph at lines 778--778
\T1/pplj/m/n/10 curve, but the up-per branch
 []


Underfull \hbox (badness 10000) in paragraph at lines 778--778
\T1/pplj/m/n/10 ($\OML/zplm/m/it/10 y \OT1/zplm/m/n/10 = []$\T1/pplj/m/n/10 ) and lower
 []


LaTeX Warning: Marginpar on page 18 moved.

[18]) (./ch2.tex [19] [20

]
Chapter 2.

Underfull \hbox (badness 6792) in paragraph at lines 34--35
[]|\T1/pplj/m/n/10 Substitute $\OML/zplm/m/it/10 v \OT1/zplm/m/n/10 = \OML/zplm/m/it/10 y\OT1/zplm/m/n/10 /\OML/zplm/m/it/10 x$ \T1/pplj/m/n/10 to con-vert it to a sep-a-ra-ble
 []


Overfull \hbox (71.98456pt too wide) in paragraph at lines 20--37
 [][] 
 []


Underfull \hbox (badness 10000) in paragraph at lines 43--44
[][]\T1/pplj/b/n/10 Theorem 2.2.1 \T1/pplj/m/n/10 (Ex-is-tence and Unique-ness for 1st Or-der Non-lin-ear Equa-
 []


Underfull \hbox (badness 10000) in paragraph at lines 43--44
\T1/pplj/m/n/10 tions (Pi-card^^ULindelf))\T1/pplj/b/n/10 . []\T1/pplj/m/it/10 Sup-pose $\OML/zplm/m/it/10 f\OT1/zplm/m/n/10 (\OML/zplm/m/it/10 x\OT1/pplx/m/n/10 , \OML/zplm/m/it/10 y\OT1/zplm/m/n/10 )$ \T1/pplj/m/it/10 and $[]$ are con-tin-u-ous in a rect-an-gle
 []

[21]
Underfull \hbox (badness 10000) in paragraph at lines 51--52
[][]\T1/pplj/b/n/10 Theorem 2.2.2 \T1/pplj/m/n/10 (Ex-is-tence and Unique-ness for 1st Or-der Lin-ear Equa-tions)\T1/pplj/b/n/10 . []\T1/pplj/m/it/10 If
 []

[22]
Package mdframed Info: mdframed works in twoside mode on input line 107.
Package mdframed Info: mdframed detected package amsthm 
 changed the theorem header of amsthm
(mdframed)              on input line 107.

Overfull \hbox (2.42834pt too wide) in paragraph at lines 108--111
[]\T1/pplj/m/n/10 We should note that this so-lu-tion method for cer-tain kinds of dif-fer-en-tial
 []


Overfull \hbox (7.18837pt too wide) in paragraph at lines 108--111
\T1/pplj/m/n/10 equa-tions may lead to an Integral-defined func-tion (i.e the in-te-gral can-not
 []


LaTeX Warning: Reference `mdf@pagelabel-4' on page 23 undefined on input line 111.

[23]

LaTeX Warning: Marginpar on page 24 moved.


LaTeX Warning: Marginpar on page 24 moved.


LaTeX Warning: Marginpar on page 24 moved.

[24]
LaTeX Font Info:    Font shape `T1/fvm/m/n' will be
(Font)              scaled to size 6.80005pt on input line 244.

Overfull \hbox (23.74512pt too wide) in paragraph at lines 244--244
\T1/fvm/m/n/8 is-[]there-[]really-[]no-[]way-[]to-[]integrate-[]e-[]x2$[][]  
 []


LaTeX Warning: Marginpar on page 25 moved.

LaTeX Font Info:    Font shape `T1/phv/b/n' will be
(Font)              scaled to size 7.19995pt on input line 250.

LaTeX Warning: Marginpar on page 25 moved.


LaTeX Warning: Marginpar on page 25 moved.


LaTeX Warning: Marginpar on page 25 moved.


LaTeX Warning: Marginpar on page 25 moved.

[25]

LaTeX Warning: Marginpar on page 26 moved.


LaTeX Warning: Marginpar on page 26 moved.


LaTeX Warning: Marginpar on page 26 moved.


LaTeX Warning: Marginpar on page 26 moved.


LaTeX Warning: Marginpar on page 26 moved.


LaTeX Warning: Marginpar on page 26 moved.


Underfull \hbox (badness 10000) in paragraph at lines 316--317
\T1/pplj/m/it/10 (this is the same prob-lem as text-book 2.3.Ex.3). Ad-di-tion-ally, find the par-tic-u-lar
 []


Underfull \hbox (badness 10000) in paragraph at lines 365--370
[]\T1/pplj/b/it/10 (Particular) so-lu-tion to the IVP: \T1/pplj/m/it/10 Start with the gen-eral so-lu-tion (terms col-lected):
 []

[26] [27] [28] [29]

LaTeX Warning: Marginpar on page 30 moved.

[30]
Underfull \hbox (badness 10000) in paragraph at lines 676--679
[][]\T1/pplj/b/n/10 Definition 2.5.1. []\T1/pplj/m/it/10 A dif-fer-en-tial ex-pres-sion writ-ten in the form $\OML/zplm/m/it/10 M\OT1/zplm/m/n/10 (\OML/zplm/m/it/10 x\OT1/pplx/m/n/10 , \OML/zplm/m/it/10 y\OT1/zplm/m/n/10 ) \OML/zplm/m/it/10 dx \OT1/zplm/m/n/10 +
 []


Underfull \hbox (badness 10000) in paragraph at lines 676--679
\OML/zplm/m/it/10 N\OT1/zplm/m/n/10 (\OML/zplm/m/it/10 x\OT1/pplx/m/n/10 , \OML/zplm/m/it/10 y\OT1/zplm/m/n/10 ) \OML/zplm/m/it/10 dy$ \T1/pplj/m/it/10 is an \T1/pplj/b/it/10 ex-act dif-fer-en-tial \T1/pplj/m/it/10 in a re-gion $\OML/zplm/m/it/10 R$ \T1/pplj/m/it/10 of the $\OML/zplm/m/it/10 xy\OMS/zplm/m/n/10 ^^@$\T1/pplj/m/it/10 plane if it cor-re-sponds
 []


Underfull \hbox (badness 10000) in paragraph at lines 676--679
\T1/pplj/m/it/10 to the dif-fer-en-tial of some func-tion $\OML/zplm/m/it/10 F\OT1/zplm/m/n/10 (\OML/zplm/m/it/10 x\OT1/pplx/m/n/10 , \OML/zplm/m/it/10 y\OT1/zplm/m/n/10 )$\T1/pplj/m/it/10 , that is de-fined in $\OML/zplm/m/it/10 R$\T1/pplj/m/it/10 . A first or-der dif-fer-en-
 []

[31]
Underfull \hbox (badness 10000) in paragraph at lines 685--686
[][]\T1/pplj/b/n/10 Theorem 2.5.2. []\T1/pplj/m/it/10 If $\OML/zplm/m/it/10 M\OT1/zplm/m/n/10 (\OML/zplm/m/it/10 x\OT1/pplx/m/n/10 , \OML/zplm/m/it/10 y\OT1/zplm/m/n/10 )$ \T1/pplj/m/it/10 and $\OML/zplm/m/it/10 N\OT1/zplm/m/n/10 (\OML/zplm/m/it/10 x\OT1/pplx/m/n/10 , \OML/zplm/m/it/10 y\OT1/zplm/m/n/10 )$ \T1/pplj/m/it/10 have con-tin-u-ous first par-tial deriva-tives in
 []

[32] [33]

LaTeX Warning: Reference `eq:ifactor' on page 34 undefined on input line 772.


Underfull \hbox (badness 10000) in paragraph at lines 778--779
[][]\T1/pplj/b/n/10 Example 2.5.5. []\T1/pplj/m/it/10 The fol-low-ing ODE is not ex-act. Find an in-te-grat-ing fac-tor that
 []


Underfull \hbox (badness 10000) in paragraph at lines 788--790
\T1/pplj/m/it/10 This is not a func-tion of $\OML/zplm/m/it/10 x$ \T1/pplj/m/it/10 only, but it is a func-tion of $\OML/zplm/m/it/10 y$ \T1/pplj/m/it/10 only if we di-vide
 []

[34] [35]
LaTeX Font Info:    Trying to load font information for U+fplmbb on input line 876.
 (/usr/share/texlive/texmf-dist/tex/latex/psnfss/ufplmbb.fd
File: ufplmbb.fd 2003/10/30 Fontinst v1.914 font definitions for U/fplmbb.
)
Underfull \hbox (badness 10000) in paragraph at lines 889--892
\T1/pplj/m/it/10 is \T1/pplj/b/it/10 ho-mo-ge-neous \T1/pplj/m/it/10 of de-gree $\OML/zplm/m/it/10 n$ \T1/pplj/m/it/10 if both $\OML/zplm/m/it/10 M\OT1/zplm/m/n/10 (\OML/zplm/m/it/10 x\OT1/pplx/m/n/10 , \OML/zplm/m/it/10 y\OT1/zplm/m/n/10 )$ \T1/pplj/m/it/10 and $\OML/zplm/m/it/10 N\OT1/zplm/m/n/10 (\OML/zplm/m/it/10 x\OT1/pplx/m/n/10 , \OML/zplm/m/it/10 y\OT1/zplm/m/n/10 )$ \T1/pplj/m/it/10 are ho-mo-ge-neous func-tions
 []


LaTeX Warning: Reference `eq:homogeneous' on page 36 undefined on input line 900.


LaTeX Warning: Reference `eq:reduced-homogeneous' on page 36 undefined on input line 904.

[36] [37] [38] [39]
Underfull \hbox (badness 10000) in paragraph at lines 1171--1172
[][]\T1/pplj/b/n/10 Definition 2.7.1. []\T1/pplj/m/it/10 An \T1/pplj/b/it/10 equi-lib-rium \T1/pplj/m/it/10 (or \T1/pplj/b/it/10 fixed point\T1/pplj/m/it/10 ) of an au-tonomous ODE is a
 []


Underfull \hbox (badness 10000) in paragraph at lines 1177--1178
[][]\T1/pplj/b/n/10 Definition 2.7.2. []\T1/pplj/m/it/10 An equi-lib-rium $\OML/zplm/m/it/10 y[]$ \T1/pplj/m/it/10 is \T1/pplj/b/it/10 sta-ble \T1/pplj/m/it/10 if so-lu-tions that start close to $\OML/zplm/m/it/10 y[]$ \T1/pplj/m/it/10 re-
 []

[40]
Underfull \hbox (badness 10000) in paragraph at lines 1252--1252
[]\T1/pplj/m/n/10 Figure 2.1: |Di-rec-tion field and
 []


LaTeX Warning: Reference `fig:direction-field' on page 41 undefined on input line 1255.


Underfull \hbox (badness 10000) in paragraph at lines 1286--1286
[]\T1/pplj/m/n/10 Figure 2.2: |Phase por-trait for
 []


LaTeX Warning: Reference `fig:phase-portrait' on page 41 undefined on input line 1287.

[41]
Underfull \hbox (badness 10000) in paragraph at lines 1317--1318
[]\T1/pplj/m/it/10 Using an an-a-lyt-i-cal method to find the ex-act so-lu-tion and com-pare it with the
 []


Underfull \hbox (badness 10000) in paragraph at lines 1327--1328
[]\T1/pplj/m/it/10 Using an an-a-lyt-i-cal method to find the ex-act so-lu-tion and com-pare it with the
 []

[42]
Underfull \hbox (badness 10000) in paragraph at lines 1338--1339
[]\T1/pplj/m/it/10 Using an an-a-lyt-i-cal method to find the ex-act so-lu-tion and com-pare it with the
 []

[43] [44]) (./ch3.tex [45] [46

]
Chapter 3.

Underfull \hbox (badness 10000) in paragraph at lines 41--43
[][]\T1/pplj/b/n/10 Example 3.1.1. []\T1/pplj/b/it/10 Ex-po-nen-tial Growth (Pop-u-la-tion) \T1/pplj/m/it/10 A bac-te-ria cul-ture has ini-tial
 []

[47]
Underfull \hbox (badness 10000) in paragraph at lines 104--106
[][]\T1/pplj/b/n/10 Example 3.1.2. []\T1/pplj/b/it/10 Mix-ing Prob-lem: \T1/pplj/m/it/10 Tank: 100 L wa-ter with 20 g salt. Brine with 2
 []

[48] [49] [50]
Underfull \hbox (badness 10000) in paragraph at lines 260--262
\T1/pplj/m/it/10 This non-lin-ear ODE re-quires nu-mer-i-cal meth-ods (Eu-ler, Runge^^UKutta). The qual-i-ta-
 []

[51]) (./ch4.tex [52]
Chapter 4.

Underfull \hbox (badness 4886) in paragraph at lines 16--17
[][]\T1/pplj/b/n/10 Definition 4.1.1 \T1/pplj/m/n/10 (Ini-tial Value Prob-lem)\T1/pplj/b/n/10 . []\T1/pplj/m/it/10 A \T1/pplj/b/it/10 higher-order ini-tial value prob-lem
 []


Underfull \hbox (badness 1762) in paragraph at lines 30--32
[][]\T1/pplj/b/n/10 Theorem 4.1.2 \T1/pplj/m/n/10 (Ex-is-tence of a So-lu-tion)\T1/pplj/b/n/10 . []\T1/pplj/m/it/10 Let $\OML/zplm/m/it/10 a[]\OT1/zplm/m/n/10 (\OML/zplm/m/it/10 x\OT1/zplm/m/n/10 )\OT1/pplx/m/n/10 , \OML/zplm/m/it/10 a[]\OT1/zplm/m/n/10 (\OML/zplm/m/it/10 x\OT1/zplm/m/n/10 )\OT1/pplx/m/n/10 , [] , \OML/zplm/m/it/10 a[]\OT1/zplm/m/n/10 (\OML/zplm/m/it/10 x\OT1/zplm/m/n/10 )$ \T1/pplj/m/it/10 and $\OML/zplm/m/it/10 g\OT1/zplm/m/n/10 (\OML/zplm/m/it/10 x\OT1/zplm/m/n/10 )$ \T1/pplj/m/it/10 be
 []


Underfull \hbox (badness 10000) in paragraph at lines 36--37
[][]\T1/pplj/b/n/10 Definition 4.1.3 \T1/pplj/m/n/10 (Bound-ary Value Prob-lems)\T1/pplj/b/n/10 . []\T1/pplj/m/it/10 A second-order \T1/pplj/b/it/10 bound-ary value
 []


Underfull \hbox (badness 10000) in paragraph at lines 52--54
[][]\T1/pplj/b/n/10 Theorem 4.1.4 \T1/pplj/m/n/10 (Su-per-po-si-tion Prin-ci-ple)\T1/pplj/b/n/10 . []\T1/pplj/m/it/10 Let $\OML/zplm/m/it/10 y[]\OT1/pplx/m/n/10 , \OML/zplm/m/it/10 y[]\OT1/pplx/m/n/10 , [] , \OML/zplm/m/it/10 y[]$ \T1/pplj/m/it/10 be so-lu-tions of the
 []


Underfull \hbox (badness 10000) in paragraph at lines 52--54
[]\T1/pplj/m/it/10 ho-mo-ge-neous[] $\OML/zplm/m/it/10 n$\T1/pplj/m/it/10 th-order dif-fer-en-tial equa-tion on an in-ter-val $\OML/zplm/m/it/10 I$\T1/pplj/m/it/10 . Then the lin-ear com-bi-
 []

[53

]
Underfull \hbox (badness 10000) in paragraph at lines 63--66
\OT1/zplm/m/n/10 (\OT1/pplx/m/n/10 0, \OMS/zplm/m/n/10 1\OT1/zplm/m/n/10 )$\T1/pplj/m/it/10 . Show by the su-per-po-si-tion prin-ci-ple that the lin-ear com-bi-na-tion is also a so-
 []


Underfull \hbox (badness 10000) in paragraph at lines 71--73
[][]\T1/pplj/b/n/10 Definition 4.1.6 \T1/pplj/m/n/10 (Lin-ear De-pen-dence/In-de-pen-dence)\T1/pplj/b/n/10 . []\T1/pplj/m/it/10 A set of func-tions
 []


Underfull \hbox (badness 10000) in paragraph at lines 71--73
\OMS/zplm/m/n/10 f\OML/zplm/m/it/10 f[]\OT1/zplm/m/n/10 (\OML/zplm/m/it/10 x\OT1/zplm/m/n/10 )\OT1/pplx/m/n/10 , \OML/zplm/m/it/10 f[]\OT1/zplm/m/n/10 (\OML/zplm/m/it/10 x\OT1/zplm/m/n/10 )\OT1/pplx/m/n/10 , [] , \OML/zplm/m/it/10 f[]\OT1/zplm/m/n/10 (\OML/zplm/m/it/10 x\OT1/zplm/m/n/10 )\OMS/zplm/m/n/10 g$ \T1/pplj/m/it/10 is said to be \T1/pplj/b/it/10 lin-early de-pen-dent \T1/pplj/m/it/10 on an in-ter-val $\OML/zplm/m/it/10 I$ \T1/pplj/m/it/10 if there
 []


Underfull \hbox (badness 10000) in paragraph at lines 85--87
[][]\T1/pplj/b/n/10 Definition 4.1.7 \T1/pplj/m/n/10 (Wron-skian)\T1/pplj/b/n/10 . []\T1/pplj/m/it/10 Sup-pose that the set of func-tions
 []


Underfull \hbox (badness 10000) in paragraph at lines 101--102
[][]\T1/pplj/b/n/10 Theorem 4.1.8 \T1/pplj/m/n/10 (Cri-te-rion for Lin-early In-de-pen-dent So-lu-tions)\T1/pplj/b/n/10 . []\T1/pplj/m/it/10 Let
 []


Underfull \hbox (badness 10000) in paragraph at lines 101--102
\OML/zplm/m/it/10 y[]\OT1/pplx/m/n/10 , \OML/zplm/m/it/10 y[]\OT1/pplx/m/n/10 , [] , \OML/zplm/m/it/10 y[]$ \T1/pplj/m/it/10 be $\OML/zplm/m/it/10 k$ \T1/pplj/m/it/10 so-lu-tions of the ho-mo-ge-neous lin-ear $\OML/zplm/m/it/10 n$\T1/pplj/m/it/10 th-order dif-fer-en-tial equa-
 []


Underfull \hbox (badness 10000) in paragraph at lines 104--107
\T1/pplj/m/it/10 on an in-ter-val $\OML/zplm/m/it/10 I$\T1/pplj/m/it/10 . Then the set of so-lu-tions is lin-early in-de-pen-dent on $\OML/zplm/m/it/10 I$ \T1/pplj/m/it/10 if
 []


Underfull \hbox (badness 10000) in paragraph at lines 123--125
\T1/pplj/m/it/10 on an in-ter-val $\OML/zplm/m/it/10 I$ \T1/pplj/m/it/10 is any set of $\OML/zplm/m/it/10 k$ \T1/pplj/m/it/10 lin-early in-de-pen-dent so-lu-tions $\OMS/zplm/m/n/10 f\OML/zplm/m/it/10 y[]\OT1/pplx/m/n/10 , \OML/zplm/m/it/10 y[]\OT1/pplx/m/n/10 , [] , \OML/zplm/m/it/10 y[]\OMS/zplm/m/n/10 g$ \T1/pplj/m/it/10 on the
 []

[54]
Underfull \hbox (badness 10000) in paragraph at lines 129--132
[][]\T1/pplj/b/n/10 Theorem 4.1.11 \T1/pplj/m/n/10 (Gen-eral So-lu-tion of Ho-mo-ge-neous Equa-tions)\T1/pplj/b/n/10 . []\T1/pplj/m/it/10 Let
 []


Underfull \hbox (badness 10000) in paragraph at lines 129--132
\OML/zplm/m/it/10 y[]\OT1/pplx/m/n/10 , \OML/zplm/m/it/10 y[]\OT1/pplx/m/n/10 , [] , \OML/zplm/m/it/10 y[]$ \T1/pplj/m/it/10 be a fun-da-men-tal set of so-lu-tions of the ho-mo-ge-neous lin-ear $\OML/zplm/m/it/10 k$\T1/pplj/m/it/10 th-order
 []


Underfull \hbox (badness 10000) in paragraph at lines 129--132
\T1/pplj/m/it/10 dif-fer-en-tial equa-tion on the in-ter-val $\OML/zplm/m/it/10 I$\T1/pplj/m/it/10 . Then the gen-eral so-lu-tion of the equa-tion on
 []


Underfull \hbox (badness 10000) in paragraph at lines 161--164
[][]\T1/pplj/b/n/10 Theorem 4.1.12 \T1/pplj/m/n/10 (Gen-eral So-lu-tion of Non-ho-mo-ge-neous Equa-tions)\T1/pplj/b/n/10 . []\T1/pplj/m/it/10 Let $\OML/zplm/m/it/10 y[]$ \T1/pplj/m/it/10 be
 []


Underfull \hbox (badness 10000) in paragraph at lines 161--164
\T1/pplj/m/it/10 any par-tic-u-lar so-lu-tion of the ho-mo-gr-neous lin-ear $\OML/zplm/m/it/10 k$\T1/pplj/m/it/10 th-order dif-fer-en-tial equa-tion on
 []


Underfull \hbox (badness 10000) in paragraph at lines 161--164
\T1/pplj/m/it/10 an in-ter-val $\OML/zplm/m/it/10 I$\T1/pplj/m/it/10 , and let $\OML/zplm/m/it/10 y[]\OT1/pplx/m/n/10 , \OML/zplm/m/it/10 y[]\OT1/pplx/m/n/10 , [] , \OML/zplm/m/it/10 y[]$ \T1/pplj/m/it/10 be a fun-da-men-tal set of so-lu-tions of the as-so-ci-ated
 []


Underfull \hbox (badness 10000) in paragraph at lines 161--164
\T1/pplj/m/it/10 ho-mo-ge-neous equa-tion on the in-ter-val $\OML/zplm/m/it/10 I$\T1/pplj/m/it/10 . Then the gen-eral so-lu-tion of the equa-tion on
 []

[55]
Overfull \hbox (15.92255pt too wide) in paragraph at lines 258--258
|[]\T1/pplj/b/n/12 Homogeneous Lin-ear Equa-tions with Con-stant Co-ef-fi-cients| 
 []


LaTeX Warning: Marginpar on page 56 moved.

Package mdframed Info: mdframed works in twoside mode on input line 266.
Package mdframed Info: mdframed detected package amsthm 
 changed the theorem header of amsthm
(mdframed)              on input line 266.

Overfull \hbox (5.65375pt too wide) in paragraph at lines 268--270
[]\T1/pplj/m/n/10 Complex num-bers[][] $\OML/zplm/m/it/10 z \OMS/zplm/m/n/10 2 \U/fplmbb/m/n/10 C$ \T1/pplj/m/n/10 are spec-i-fied us-ing two (in-de-pen-dent) real num-
 []


Overfull \hbox (3.45833pt too wide) in paragraph at lines 268--270
\T1/pplj/m/n/10 bers (el-e-ments of $\U/fplmbb/m/n/10 R$\T1/pplj/m/n/10 ). There are two dif-fer-ent rep-re-sen-ta-tions of any com-
 []


Overfull \hbox (5.58113pt too wide) in paragraph at lines 281--282
[]\T1/pplj/b/n/10 Cartesian form: $\OML/zplm/m/it/10 z \OT1/zplm/m/n/10 = [] \OML/zplm/m/it/10 z \OT1/zplm/m/n/10 + \OML/zplm/m/it/10 i [] z$\T1/pplj/m/n/10 . Com-po-nents are called real and imag-
 []


Overfull \hbox (1.90273pt too wide) in paragraph at lines 310--311
[]\T1/pplj/m/n/10 The com-plex ex-po-nen-tial func-tion $\OML/zplm/m/it/10 e[]$ \T1/pplj/m/n/10 can be de-fined in sev-eral equiv-a-
 []


Overfull \hbox (7.31285pt too wide) in paragraph at lines 322--324
[]\T1/pplj/b/n/10 3. Dif-fer-en-tial Equa-tion Def-i-ni-tion $\OML/zplm/m/it/10 e[]$ \T1/pplj/m/n/10 is the unique func-tion sat-is-fy-ing 
 []


Overfull \hbox (13.89828pt too wide) in paragraph at lines 333--334
[]\T1/pplj/m/n/10 These def-i-ni-tions are con-sis-tent and ex-tend the ex-po-nen-tial func-tion nat-
 []

[56]
Package mdframed Info: Not enough space on this page on input line 345.
Package mdframed Info: Box was splittet wrong
 starting loop to iterate the splitting point
(mdframed)              on input line 345.


LaTeX Warning: Reference `mdf@pagelabel-5' on page 57 undefined on input line 345.

[57]

LaTeX Warning: Reference `mdf@pagelabel-6' on page 58 undefined on input line 345.

[58]
Overfull \hbox (8.75853pt too wide) in paragraph at lines 428--428
|[]\T1/pplj/b/n/12 Method of Un-de-ter-mined Co-ef-fi-cients: Su-per-po-si-tion Ap-
 []


Overfull \hbox (28.53094pt too wide) detected at line 499
\OML/zplm/m/it/10 y[] \OMS/zplm/m/n/10 ^^@ \OT1/pplx/m/n/10 3\OML/zplm/m/it/10 y[] \OT1/zplm/m/n/10 + \OT1/pplx/m/n/10 2\OML/zplm/m/it/10 y[] \OT1/zplm/m/n/10 = (\OMS/zplm/m/n/10 ^^@\OML/zplm/m/it/10 A [] x \OMS/zplm/m/n/10 ^^@ \OML/zplm/m/it/10 B [] x\OT1/zplm/m/n/10 ) \OMS/zplm/m/n/10 ^^@ \OT1/pplx/m/n/10 3\OT1/zplm/m/n/10 (\OMS/zplm/m/n/10 ^^@\OML/zplm/m/it/10 A [] x \OT1/zplm/m/n/10 + \OML/zplm/m/it/10 B [] x\OT1/zplm/m/n/10 ) + \OT1/pplx/m/n/10 2\OT1/zplm/m/n/10 (\OML/zplm/m/it/10 A [] x \OT1/zplm/m/n/10 + \OML/zplm/m/it/10 B [] x\OT1/zplm/m/n/10 )\OT1/pplx/m/n/10 .
 []


Overfull \hbox (11.73604pt too wide) detected at line 503
\OT1/zplm/m/n/10 = (\OMS/zplm/m/n/10 ^^@\OML/zplm/m/it/10 A \OMS/zplm/m/n/10 ^^@ \OT1/pplx/m/n/10 3\OML/zplm/m/it/10 B \OT1/zplm/m/n/10 + \OT1/pplx/m/n/10 2\OML/zplm/m/it/10 A\OT1/zplm/m/n/10 ) [] \OML/zplm/m/it/10 x \OT1/zplm/m/n/10 + (\OMS/zplm/m/n/10 ^^@\OML/zplm/m/it/10 B \OT1/zplm/m/n/10 + \OT1/pplx/m/n/10 3\OML/zplm/m/it/10 A \OT1/zplm/m/n/10 + \OT1/pplx/m/n/10 2\OML/zplm/m/it/10 B\OT1/zplm/m/n/10 ) [] \OML/zplm/m/it/10 x \OT1/zplm/m/n/10 = (\OML/zplm/m/it/10 A \OMS/zplm/m/n/10 ^^@ \OT1/pplx/m/n/10 3\OML/zplm/m/it/10 B\OT1/zplm/m/n/10 ) [] \OML/zplm/m/it/10 x \OT1/zplm/m/n/10 + (\OT1/pplx/m/n/10 3\OML/zplm/m/it/10 A \OT1/zplm/m/n/10 + \OML/zplm/m/it/10 B\OT1/zplm/m/n/10 ) [] \OML/zplm/m/it/10 x\OT1/pplx/m/n/10 .
 []

[59] [60]
Overfull \hbox (28.76253pt too wide) in paragraph at lines 532--532
|[]\T1/pplj/b/n/12 Method of Un-de-ter-mined Co-ef-fi-cients: An-ni-hi-la-tor Ap-proach| 
 []


Underfull \hbox (badness 10000) in paragraph at lines 576--577
[]\T1/pplj/m/it/10 Step 5: Since $\OML/zplm/m/it/10 C[]e[] \OT1/zplm/m/n/10 + \OML/zplm/m/it/10 C[]e[]$ \T1/pplj/m/it/10 are al-ready so-lu-tions of orig-i-nal ho-mo-ge-neous part, the
 []


Underfull \hbox (badness 10000) in paragraph at lines 616--617
[]\T1/pplj/m/it/10 The terms $\OML/zplm/m/it/10 C[] [] x \OT1/zplm/m/n/10 + \OML/zplm/m/it/10 C[] [] x$ \T1/pplj/m/it/10 come from ho-mo-ge-neous so-lu-tion, while $\OML/zplm/m/it/10 C[]x [] x \OT1/zplm/m/n/10 +
 []

[61])
No file ODE_notes.ind.

Package bibentry Warning: You have used \nobibliography* 
(bibentry)                without a following \bibliography.
(bibentry)                You may not be able to run BibTeX.

[62]

/home/emmanuel/Desktop/VAP Teaching Docs/Math_Teaching_Docs/Elementary_Differential_Equations_Notes_and_Exercises/ODE_notes.tex:36: LaTeX Error: \begin{subsection} on input line 812 ended by \end{document}.

See the LaTeX manual or LaTeX Companion for explanation.
Type  H <return>  for immediate help.
 ...                                              
                                                  
l.36 \end{document}
                   
Your command was ignored.
Type  I <command> <return>  to replace it with another command,
or  <return>  to continue without it.

(./ODE_notes.aux)

LaTeX Font Warning: Size substitutions with differences
(Font)              up to 0.43996pt have occurred.


LaTeX Font Warning: Some font shapes were not available, defaults substituted.


LaTeX Warning: There were undefined references.


LaTeX Warning: Label(s) may have changed. Rerun to get cross-references right.


Package rerunfilecheck Warning: File `ODE_notes.out' has changed.
(rerunfilecheck)                Rerun to get outlines right
(rerunfilecheck)                or use package `bookmark'.

Package rerunfilecheck Info: Checksums for `ODE_notes.out':
(rerunfilecheck)             Before: <no file>
(rerunfilecheck)             After:  C99875281B18BDD1941D370582AF17A5;6931.
 )
(\end occurred inside a group at level 1)

### semi simple group (level 1) entered at line 812 (\begingroup)
### bottom level 
Here is how much of TeX's memory you used:
 51681 strings out of 480247
 1209296 string characters out of 5896152
 1724123 words of memory out of 5000000
 68164 multiletter control sequences out of 15000+600000
 591973 words of font info for 226 fonts, out of 8000000 for 9000
 14 hyphenation exceptions out of 8191
 94i,21n,134p,1314b,2549s stack positions out of 5000i,500n,10000p,200000b,80000s
{/usr/share/texlive/texmf-dist/fonts/enc/dvips/base/8r.enc}</usr/share/texlive/texmf-dist/fonts/type1/public/amsfonts/cm/cmex10.pfb></usr/share/texlive/texmf-dist/fonts/type1/public/amsfonts/cm/cmmi10.pfb></usr/share/texlive/texmf-dist/fonts/type1/public/amsfonts/cm/cmr10.pfb></usr/share/texlive/texmf-dist/fonts/type1/public/amsfonts/cm/cmsy10.pfb></usr/share/texlive/texmf-dist/fonts/type1/public/fpl/fplbij8a.pfb></usr/share/texlive/texmf-dist/fonts/type1/public/fpl/fplbj8a.pfb></usr/share/texlive/texmf-dist/fonts/type1/public/mathpazo/fplmbb.pfb></usr/share/texlive/texmf-dist/fonts/type1/public/mathpazo/fplmr.pfb></usr/share/texlive/texmf-dist/fonts/type1/public/mathpazo/fplmri.pfb></usr/share/texlive/texmf-dist/fonts/type1/public/fpl/fplrc8a.pfb></usr/share/texlive/texmf-dist/fonts/type1/public/fpl/fplrij8a.pfb></usr/share/texlive/texmf-dist/fonts/type1/public/bera/fvmr8a.pfb></usr/share/texlive/texmf-dist/fonts/type1/urw/helvetic/uhvb8a.pfb></usr/share/texlive/texmf-dist/fonts/type1/urw/helvetic/uhvr8a.pfb></usr/share/texlive/texmf-dist/fonts/type1/urw/palatino/uplb8a.pfb></usr/share/texlive/texmf-dist/fonts/type1/urw/palatino/uplbi8a.pfb></usr/share/texlive/texmf-dist/fonts/type1/urw/palatino/uplr8a.pfb></usr/share/texlive/texmf-dist/fonts/type1/urw/palatino/uplri8a.pfb>
Output written on ODE_notes.pdf (62 pages, 458740 bytes).
PDF statistics:
 957 PDF objects out of 1000 (max. 8388607)
 847 compressed objects within 9 object streams
 525 named destinations out of 1000 (max. 500000)
 2573 words of extra memory for PDF output out of 10000 (max. 10000000)

